{
  "stats": {
    "suites": 1,
    "tests": 2,
    "passes": 1,
    "pending": 0,
    "failures": 1,
    "start": "2024-01-16T01:47:41.716Z",
    "end": "2024-01-16T01:48:40.304Z",
    "duration": 58588,
    "testsRegistered": 2,
    "passPercent": 50,
    "pendingPercent": 0,
    "other": 0,
    "hasOther": false,
    "skipped": 0,
    "hasSkipped": false
  },
  "results": [
    {
      "uuid": "0e0ca2eb-df38-452d-9d86-099331a682f5",
      "title": "",
      "fullFile": "cypress\\e2e\\cashierStage.cy.js",
      "file": "cypress\\e2e\\cashierStage.cy.js",
      "beforeHooks": [],
      "afterHooks": [],
      "tests": [],
      "suites": [
        {
          "uuid": "189bfc93-beb6-428f-9569-d62a6fdc4064",
          "title": "2024-01-16_0947_report",
          "fullFile": "",
          "file": "",
          "beforeHooks": [],
          "afterHooks": [],
          "tests": [
            {
              "title": "instantTrading",
              "fullTitle": "cashierStage instantTrading",
              "timedOut": null,
              "duration": 38647,
              "state": "passed",
              "speed": "slow",
              "pass": true,
              "fail": false,
              "pending": false,
              "context": null,
              "code": "// Multi product\ncy.get(_testData.cartSelect.miltiItem).click();\ncy.get(_testData.cartSelect.colorBlack).click();\ncy.get(_testData.cartSelect.addCart).click();\ncy.get(_testData.cartSelect.closeCaetBtn).click();\ncy.get(_testData.cartSelect.backHomepage).click();\n// Single product\ncy.get(_testData.cartSelect.singleItem).click();\ncy.get(_testData.cartSelect.addQuantity).click();\ncy.get(_testData.cartSelect.addCart).click();\ncy.get(_testData.cartSelect.checkout).click();\n// Subscriber Information\ncy.wait(1500);\ncy.xpath(_testData.imformation.nextStep).click();\ncy.get(_testData.imformation.shippingMethods).click();\ncy.get(_testData.imformation.recipientNameField).type(_testData.imformation.recipientName);\ncy.get(_testData.imformation.recipientPhoneField).type(_testData.imformation.recipientPhone);\ncy.get(_testData.imformation.recipientMailField).type(_testData.imformation.recipientMail);\ncy.get(_testData.imformation.countryField).select(_testData.imformation.country);\n// Postal address\ncy.get(_testData.imformation.districtField).select(_testData.imformation.district);\ncy.get(_testData.imformation.addressField).type(_testData.imformation.address);\n// choose the payment method + Green member\ncy.get(_testData.payment.methodCreditCard).click();\ncy.get(_testData.payment.invoice).click();\ncy.get(_testData.payment.carrier).click();\ncy.get(_testData.payment.confirmBtn).click();\n// creditCard pay off\ncy.get(_testData.payment.creditCardNumField_1).type(_testData.payment.creditCardNum_1);\ncy.get(_testData.payment.creditCardNumField_2).type(_testData.payment.creditCardNum_2);\ncy.get(_testData.payment.creditCardNumField_3).type(_testData.payment.creditCardNum_3);\ncy.get(_testData.payment.creditCardNumField_4).type(_testData.payment.creditCardNum_4);\n// DL + security code\ncy.get(_testData.payment.creditmmField).type(_testData.payment.creditmmNum);\ncy.get(_testData.payment.credityyField).type(_testData.payment.credityyNum);\ncy.get(_testData.payment.securityCodeField).type(_testData.payment.securityCodeNum);\n// Customer information\ncy.get(_testData.payment.cardholderField).type(_testData.payment.cardholderName);\ncy.get(_testData.payment.cardholderPhoneField).type(_testData.payment.cardholderPhoneNum);\ncy.get(_testData.payment.paynowBtn).click();\ncy.get(_testData.payment.checkBtnClose).click();\ncy.get(_testData.payment.paySubmit).click();\ncy.get(_testData.payment.btnConfirm).click();\n// confirmation message\ncy.xpath(_testData.payment.orderCheck).should(\"include.text\", _testData.payment.checkText);\ncy.get(_testData.payment.thxBuy).should(\"include.text\", _testData.payment.thxBuyText);",
              "err": {},
              "uuid": "a1a5e4ac-ddcc-4d12-a292-524a36e4af52",
              "parentUUID": "189bfc93-beb6-428f-9569-d62a6fdc4064",
              "isHook": false,
              "skipped": false
            },
            {
              "title": "nonInstantTrading",
              "fullTitle": "cashierStage nonInstantTrading",
              "timedOut": null,
              "duration": 17814,
              "state": "failed",
              "speed": null,
              "pass": false,
              "fail": true,
              "pending": false,
              "context": null,
              "code": "cy.get(_testData.cartSelect.selectItem).click();\ncy.get(_testData.cartSelect.colorWhite).click();\ncy.get(_testData.payment.confirmBtn).click({\n  force: true\n});\ncy.wait(2000);\ncy.xpath(_testData.imformation.nextStep).click();\ncy.get(_testData.imformation.shippingMethods, {\n  timeout: 3000\n}).click();\ncy.get(_testData.imformation.overSea).click();\ncy.get(_testData.imformation.recipientNameField).type(_testData.imformation.recipientName);\ncy.get(_testData.imformation.recipientPhoneField).type(_testData.imformation.recipientPhone);\ncy.get(_testData.imformation.recipientMailField).type(_testData.imformation.recipientMail);\ncy.get(_testData.imformation.ordereNotRecipientBTN).click();\ncy.get(_testData.imformation.orderNameField).type(_testData.imformation.orderNeme);\ncy.get(_testData.imformation.orderPhoneField).type(_testData.imformation.orderPhone);\ncy.get(_testData.imformation.orderMailField).type(_testData.imformation.orderMail);\ncy.get(_testData.imformation.addressField).click().type(_testData.imformation.address);\ncy.get(_testData.payment.methodATM).click();\ncy.get(_testData.payment.invoice).click();\ncy.get(_testData.payment.carrier).click();\ncy.get(_testData.payment.confirmBtn).click();\ncy.get(_testData.payment.chooseBank).select(_testData.payment.selectBank);\ncy.get(_testData.payment.atmSubmit).click();\ncy.get(_testData.payment.paymentMethod).should(\"include.text\", _testData.payment.paymentMethodTitle);\ncy.get(_testData.payment.paymentMethodField).should(\"include.text\", _testData.payment.paymentMethodContent);\ncy.xpath(_testData.payment.accountTitle).should(\"include.text\", _testData.payment.accountContent);",
              "err": {
                "message": "ReferenceError: The following error originated from your application code, not from Cypress.\n\n  > axios is not defined\n\nWhen Cypress detects uncaught errors originating from your application it will automatically fail the current test.\n\nThis behavior is configurable, and you can choose to turn this off by listening to the `uncaught:exception` event.\n\nhttps://on.cypress.io/uncaught-exception-from-application",
                "estack": "ReferenceError: The following error originated from your application code, not from Cypress.\n\n  > axios is not defined\n\nWhen Cypress detects uncaught errors originating from your application it will automatically fail the current test.\n\nThis behavior is configurable, and you can choose to turn this off by listening to the `uncaught:exception` event.\n\nhttps://on.cypress.io/uncaught-exception-from-application\n    at Module.<anonymous> (https://cart.cashier-stage.ecpay.com.tw/static/store/dist/info.bundle.1705041343270.js:1:1583)\n    at i (https://cart.cashier-stage.ecpay.com.tw/static/store/dist/info.bundle.1705041343270.js:1:110)\n    at Module.<anonymous> (https://cart.cashier-stage.ecpay.com.tw/static/store/dist/info.bundle.1705041343270.js:1:4250)\n    at i (https://cart.cashier-stage.ecpay.com.tw/static/store/dist/info.bundle.1705041343270.js:1:110)\n    at Object.<anonymous> (https://cart.cashier-stage.ecpay.com.tw/static/store/dist/info.bundle.1705041343270.js:1:3452)\n    at i (https://cart.cashier-stage.ecpay.com.tw/static/store/dist/info.bundle.1705041343270.js:1:110)\n    at <unknown> (https://cart.cashier-stage.ecpay.com.tw/static/store/dist/info.bundle.1705041343270.js:1:921)\n    at <unknown> (https://cart.cashier-stage.ecpay.com.tw/static/store/dist/info.bundle.1705041343270.js:1:930)",
                "diff": null
              },
              "uuid": "a32b8c7a-b313-4b46-bcea-993bc8950973",
              "parentUUID": "189bfc93-beb6-428f-9569-d62a6fdc4064",
              "isHook": false,
              "skipped": false
            }
          ],
          "suites": [],
          "passes": [
            "a1a5e4ac-ddcc-4d12-a292-524a36e4af52"
          ],
          "failures": [
            "a32b8c7a-b313-4b46-bcea-993bc8950973"
          ],
          "pending": [],
          "skipped": [],
          "duration": 56461,
          "root": false,
          "rootEmpty": false,
          "_timeout": 2000
        }
      ],
      "passes": [],
      "failures": [],
      "pending": [],
      "skipped": [],
      "duration": 0,
      "root": true,
      "rootEmpty": true,
      "_timeout": 2000
    }
  ],
  "meta": {
    "mocha": {
      "version": "7.0.1"
    },
    "mochawesome": {
      "options": {
        "quiet": false,
        "reportFilename": "2024-01-16_0947_report",
        "saveHtml": false,
        "saveJson": true,
        "consoleReporter": "spec",
        "useInlineDiffs": false,
        "code": true
      },
      "version": "7.1.3"
    },
    "marge": {
      "options": {
        "reportDir": "cypress\\results\\.jsons",
        "reportFilename": "2024-01-16_0947_report",
        "overwrite": false,
        "html": false,
        "json": true
      },
      "version": "6.2.0"
    }
  },
  "date": "2024_01_16_01_47_41_716Z"
}