{
  "stats": {
    "suites": 16,
    "tests": 32,
    "passes": 32,
    "pending": 0,
    "failures": 0,
    "testsRegistered": 32,
    "passPercent": 100,
    "pendingPercent": 0,
    "other": 0,
    "hasOther": false,
    "skipped": 0,
    "hasSkipped": false,
    "start": "2024-02-01T01:22:29.182Z",
    "end": "2024-02-29T01:05:30.663Z",
    "duration": 2418181481
  },
  "results": [
    {
      "uuid": "4a180b31-06ee-4d15-9c57-a2d4c904a95d",
      "title": "",
      "fullFile": "cypress\\e2e\\cashierStage.cy.js",
      "file": "cypress\\e2e\\cashierStage.cy.js",
      "beforeHooks": [],
      "afterHooks": [],
      "tests": [],
      "suites": [
        {
          "uuid": "0d22678f-25f4-4e2d-ad62-1b491e87eddf",
          "title": "2024-02-29_0904_report",
          "fullFile": "",
          "file": "",
          "beforeHooks": [],
          "afterHooks": [],
          "tests": [
            {
              "title": "instantTrading",
              "fullTitle": "cashierStage instantTrading",
              "timedOut": null,
              "duration": 35432,
              "state": "passed",
              "speed": "slow",
              "pass": true,
              "fail": false,
              "pending": false,
              "context": null,
              "code": "// Multi product\ncy.get(_testData.cartSelect.miltiItem).click();\ncy.get(_testData.cartSelect.colorBlack).click();\ncy.get(_testData.cartSelect.addCart).click();\ncy.get(_testData.cartSelect.closeCaetBtn).click();\ncy.get(_testData.cartSelect.backHomepage).click();\n// Single product\ncy.get(_testData.cartSelect.singleItem).click();\ncy.get(_testData.cartSelect.addQuantity).click();\ncy.get(_testData.cartSelect.addCart).click();\ncy.get(_testData.cartSelect.checkout).click();\n// Subscriber Information\ncy.wait(1500);\ncy.xpath(_testData.imformation.nextStep).click();\ncy.get(_testData.imformation.shippingMethods).click();\ncy.get(_testData.imformation.recipientNameField).type(_testData.imformation.recipientName);\ncy.get(_testData.imformation.recipientPhoneField).type(_testData.imformation.recipientPhone);\ncy.get(_testData.imformation.recipientMailField).type(_testData.imformation.recipientMail);\ncy.get(_testData.imformation.countryField).select(_testData.imformation.country);\n// Postal address\ncy.get(_testData.imformation.districtField).select(_testData.imformation.district);\ncy.get(_testData.imformation.addressField).type(_testData.imformation.address);\n// choose the payment method + Green member\ncy.get(_testData.payment.methodCreditCard).click();\ncy.get(_testData.payment.invoice).click();\ncy.get(_testData.payment.carrier).click();\ncy.get(_testData.payment.confirmBtn).click();\n// creditCard pay off\ncy.get(_testData.payment.creditCardNumField_1).type(_testData.payment.creditCardNum_1);\ncy.get(_testData.payment.creditCardNumField_2).type(_testData.payment.creditCardNum_2);\ncy.get(_testData.payment.creditCardNumField_3).type(_testData.payment.creditCardNum_3);\ncy.get(_testData.payment.creditCardNumField_4).type(_testData.payment.creditCardNum_4);\n// DL + security code\ncy.get(_testData.payment.creditmmField).type(_testData.payment.creditmmNum);\ncy.get(_testData.payment.credityyField).type(_testData.payment.credityyNum);\ncy.get(_testData.payment.securityCodeField).type(_testData.payment.securityCodeNum);\n// Customer information\ncy.get(_testData.payment.cardholderField).type(_testData.payment.cardholderName);\ncy.get(_testData.payment.cardholderPhoneField).type(_testData.payment.cardholderPhoneNum);\ncy.get(_testData.payment.paynowBtn).click();\ncy.get(_testData.payment.checkBtnClose).click();\ncy.get(_testData.payment.paySubmit).click();\ncy.get(_testData.payment.btnConfirm).click();\n// confirmation message\ncy.xpath(_testData.payment.orderCheck).should(\"include.text\", _testData.payment.checkText);\ncy.get(_testData.payment.thxBuy).should(\"include.text\", _testData.payment.thxBuyText);",
              "err": {},
              "uuid": "858f3fc3-73b4-4ed0-b456-aa7733e8d2cd",
              "parentUUID": "0d22678f-25f4-4e2d-ad62-1b491e87eddf",
              "isHook": false,
              "skipped": false
            },
            {
              "title": "nonInstantTrading",
              "fullTitle": "cashierStage nonInstantTrading",
              "timedOut": null,
              "duration": 16296,
              "state": "passed",
              "speed": "slow",
              "pass": true,
              "fail": false,
              "pending": false,
              "context": null,
              "code": "cy.get(_testData.cartSelect.selectItem).click();\ncy.get(_testData.cartSelect.colorWhite).click();\ncy.get(_testData.payment.confirmBtn).click({\n  force: true\n});\ncy.wait(2000);\ncy.xpath(_testData.imformation.nextStep).click();\ncy.get(_testData.imformation.shippingMethods, {\n  timeout: 3000\n}).click();\ncy.get(_testData.imformation.overSea).click();\ncy.get(_testData.imformation.recipientNameField).type(_testData.imformation.recipientName);\ncy.get(_testData.imformation.recipientPhoneField).type(_testData.imformation.recipientPhone);\ncy.get(_testData.imformation.recipientMailField).type(_testData.imformation.recipientMail);\ncy.get(_testData.imformation.ordereNotRecipientBTN).click();\ncy.get(_testData.imformation.orderNameField).type(_testData.imformation.orderNeme);\ncy.get(_testData.imformation.orderPhoneField).type(_testData.imformation.orderPhone);\ncy.get(_testData.imformation.orderMailField).type(_testData.imformation.orderMail);\ncy.get(_testData.imformation.addressField).click().type(_testData.imformation.address);\ncy.get(_testData.payment.methodATM).click();\ncy.get(_testData.payment.invoice).click();\ncy.get(_testData.payment.carrier).click();\ncy.get(_testData.payment.confirmBtn).click();\ncy.get(_testData.payment.chooseBank).select(_testData.payment.selectBank);\ncy.get(_testData.payment.atmSubmit).click();\ncy.get(_testData.payment.paymentMethod).should(\"include.text\", _testData.payment.paymentMethodTitle);\ncy.get(_testData.payment.paymentMethodField).should(\"include.text\", _testData.payment.paymentMethodContent);\ncy.xpath(_testData.payment.accountTitle).should(\"include.text\", _testData.payment.accountContent);",
              "err": {},
              "uuid": "9cdefd4b-e8a4-4cc9-9f3c-72e30b78daaa",
              "parentUUID": "0d22678f-25f4-4e2d-ad62-1b491e87eddf",
              "isHook": false,
              "skipped": false
            }
          ],
          "suites": [],
          "passes": [
            "858f3fc3-73b4-4ed0-b456-aa7733e8d2cd",
            "9cdefd4b-e8a4-4cc9-9f3c-72e30b78daaa"
          ],
          "failures": [],
          "pending": [],
          "skipped": [],
          "duration": 51728,
          "root": false,
          "rootEmpty": false,
          "_timeout": 2000
        }
      ],
      "passes": [],
      "failures": [],
      "pending": [],
      "skipped": [],
      "duration": 0,
      "root": true,
      "rootEmpty": true,
      "_timeout": 2000
    },
    {
      "uuid": "fa7fffb1-edf7-46e6-8633-c4dd8552d17c",
      "title": "",
      "fullFile": "cypress\\e2e\\cashierStage.cy.js",
      "file": "cypress\\e2e\\cashierStage.cy.js",
      "beforeHooks": [],
      "afterHooks": [],
      "tests": [],
      "suites": [
        {
          "uuid": "bc733b9b-a89d-4f6d-980f-683070fb4410",
          "title": "2024-02-27_1639_report",
          "fullFile": "",
          "file": "",
          "beforeHooks": [],
          "afterHooks": [],
          "tests": [
            {
              "title": "instantTrading",
              "fullTitle": "cashierStage instantTrading",
              "timedOut": null,
              "duration": 35297,
              "state": "passed",
              "speed": "slow",
              "pass": true,
              "fail": false,
              "pending": false,
              "context": null,
              "code": "// Multi product\ncy.get(_testData.cartSelect.miltiItem).click();\ncy.get(_testData.cartSelect.colorBlack).click();\ncy.get(_testData.cartSelect.addCart).click();\ncy.get(_testData.cartSelect.closeCaetBtn).click();\ncy.get(_testData.cartSelect.backHomepage).click();\n// Single product\ncy.get(_testData.cartSelect.singleItem).click();\ncy.get(_testData.cartSelect.addQuantity).click();\ncy.get(_testData.cartSelect.addCart).click();\ncy.get(_testData.cartSelect.checkout).click();\n// Subscriber Information\ncy.wait(1500);\ncy.xpath(_testData.imformation.nextStep).click();\ncy.get(_testData.imformation.shippingMethods).click();\ncy.get(_testData.imformation.recipientNameField).type(_testData.imformation.recipientName);\ncy.get(_testData.imformation.recipientPhoneField).type(_testData.imformation.recipientPhone);\ncy.get(_testData.imformation.recipientMailField).type(_testData.imformation.recipientMail);\ncy.get(_testData.imformation.countryField).select(_testData.imformation.country);\n// Postal address\ncy.get(_testData.imformation.districtField).select(_testData.imformation.district);\ncy.get(_testData.imformation.addressField).type(_testData.imformation.address);\n// choose the payment method + Green member\ncy.get(_testData.payment.methodCreditCard).click();\ncy.get(_testData.payment.invoice).click();\ncy.get(_testData.payment.carrier).click();\ncy.get(_testData.payment.confirmBtn).click();\n// creditCard pay off\ncy.get(_testData.payment.creditCardNumField_1).type(_testData.payment.creditCardNum_1);\ncy.get(_testData.payment.creditCardNumField_2).type(_testData.payment.creditCardNum_2);\ncy.get(_testData.payment.creditCardNumField_3).type(_testData.payment.creditCardNum_3);\ncy.get(_testData.payment.creditCardNumField_4).type(_testData.payment.creditCardNum_4);\n// DL + security code\ncy.get(_testData.payment.creditmmField).type(_testData.payment.creditmmNum);\ncy.get(_testData.payment.credityyField).type(_testData.payment.credityyNum);\ncy.get(_testData.payment.securityCodeField).type(_testData.payment.securityCodeNum);\n// Customer information\ncy.get(_testData.payment.cardholderField).type(_testData.payment.cardholderName);\ncy.get(_testData.payment.cardholderPhoneField).type(_testData.payment.cardholderPhoneNum);\ncy.get(_testData.payment.paynowBtn).click();\ncy.get(_testData.payment.checkBtnClose).click();\ncy.get(_testData.payment.paySubmit).click();\ncy.get(_testData.payment.btnConfirm).click();\n// confirmation message\ncy.xpath(_testData.payment.orderCheck).should(\"include.text\", _testData.payment.checkText);\ncy.get(_testData.payment.thxBuy).should(\"include.text\", _testData.payment.thxBuyText);",
              "err": {},
              "uuid": "00bb21f6-3bbd-4326-9fb7-4f2eb57b5208",
              "parentUUID": "bc733b9b-a89d-4f6d-980f-683070fb4410",
              "isHook": false,
              "skipped": false
            },
            {
              "title": "nonInstantTrading",
              "fullTitle": "cashierStage nonInstantTrading",
              "timedOut": null,
              "duration": 15944,
              "state": "passed",
              "speed": "slow",
              "pass": true,
              "fail": false,
              "pending": false,
              "context": null,
              "code": "cy.get(_testData.cartSelect.selectItem).click();\ncy.get(_testData.cartSelect.colorWhite).click();\ncy.get(_testData.payment.confirmBtn).click({\n  force: true\n});\ncy.wait(2000);\ncy.xpath(_testData.imformation.nextStep).click();\ncy.get(_testData.imformation.shippingMethods, {\n  timeout: 3000\n}).click();\ncy.get(_testData.imformation.overSea).click();\ncy.get(_testData.imformation.recipientNameField).type(_testData.imformation.recipientName);\ncy.get(_testData.imformation.recipientPhoneField).type(_testData.imformation.recipientPhone);\ncy.get(_testData.imformation.recipientMailField).type(_testData.imformation.recipientMail);\ncy.get(_testData.imformation.ordereNotRecipientBTN).click();\ncy.get(_testData.imformation.orderNameField).type(_testData.imformation.orderNeme);\ncy.get(_testData.imformation.orderPhoneField).type(_testData.imformation.orderPhone);\ncy.get(_testData.imformation.orderMailField).type(_testData.imformation.orderMail);\ncy.get(_testData.imformation.addressField).click().type(_testData.imformation.address);\ncy.get(_testData.payment.methodATM).click();\ncy.get(_testData.payment.invoice).click();\ncy.get(_testData.payment.carrier).click();\ncy.get(_testData.payment.confirmBtn).click();\ncy.get(_testData.payment.chooseBank).select(_testData.payment.selectBank);\ncy.get(_testData.payment.atmSubmit).click();\ncy.get(_testData.payment.paymentMethod).should(\"include.text\", _testData.payment.paymentMethodTitle);\ncy.get(_testData.payment.paymentMethodField).should(\"include.text\", _testData.payment.paymentMethodContent);\ncy.xpath(_testData.payment.accountTitle).should(\"include.text\", _testData.payment.accountContent);",
              "err": {},
              "uuid": "d2691527-22d8-420e-9691-c50c059401f2",
              "parentUUID": "bc733b9b-a89d-4f6d-980f-683070fb4410",
              "isHook": false,
              "skipped": false
            }
          ],
          "suites": [],
          "passes": [
            "00bb21f6-3bbd-4326-9fb7-4f2eb57b5208",
            "d2691527-22d8-420e-9691-c50c059401f2"
          ],
          "failures": [],
          "pending": [],
          "skipped": [],
          "duration": 51241,
          "root": false,
          "rootEmpty": false,
          "_timeout": 2000
        }
      ],
      "passes": [],
      "failures": [],
      "pending": [],
      "skipped": [],
      "duration": 0,
      "root": true,
      "rootEmpty": true,
      "_timeout": 2000
    },
    {
      "uuid": "75079d9c-0080-4193-8f2e-502fb9270b20",
      "title": "",
      "fullFile": "cypress\\e2e\\cashierStage.cy.js",
      "file": "cypress\\e2e\\cashierStage.cy.js",
      "beforeHooks": [],
      "afterHooks": [],
      "tests": [],
      "suites": [
        {
          "uuid": "e808b7bb-023e-40e9-a7ba-cb640cb2c36a",
          "title": "2024-02-26_1415_report",
          "fullFile": "",
          "file": "",
          "beforeHooks": [],
          "afterHooks": [],
          "tests": [
            {
              "title": "instantTrading",
              "fullTitle": "cashierStage instantTrading",
              "timedOut": null,
              "duration": 33598,
              "state": "passed",
              "speed": "slow",
              "pass": true,
              "fail": false,
              "pending": false,
              "context": null,
              "code": "// Multi product\ncy.get(_testData.cartSelect.miltiItem).click();\ncy.get(_testData.cartSelect.colorBlack).click();\ncy.get(_testData.cartSelect.addCart).click();\ncy.get(_testData.cartSelect.closeCaetBtn).click();\ncy.get(_testData.cartSelect.backHomepage).click();\n// Single product\ncy.get(_testData.cartSelect.singleItem).click();\ncy.get(_testData.cartSelect.addQuantity).click();\ncy.get(_testData.cartSelect.addCart).click();\ncy.get(_testData.cartSelect.checkout).click();\n// Subscriber Information\ncy.wait(1500);\ncy.xpath(_testData.imformation.nextStep).click();\ncy.get(_testData.imformation.shippingMethods).click();\ncy.get(_testData.imformation.recipientNameField).type(_testData.imformation.recipientName);\ncy.get(_testData.imformation.recipientPhoneField).type(_testData.imformation.recipientPhone);\ncy.get(_testData.imformation.recipientMailField).type(_testData.imformation.recipientMail);\ncy.get(_testData.imformation.countryField).select(_testData.imformation.country);\n// Postal address\ncy.get(_testData.imformation.districtField).select(_testData.imformation.district);\ncy.get(_testData.imformation.addressField).type(_testData.imformation.address);\n// choose the payment method + Green member\ncy.get(_testData.payment.methodCreditCard).click();\ncy.get(_testData.payment.invoice).click();\ncy.get(_testData.payment.carrier).click();\ncy.get(_testData.payment.confirmBtn).click();\n// creditCard pay off\ncy.get(_testData.payment.creditCardNumField_1).type(_testData.payment.creditCardNum_1);\ncy.get(_testData.payment.creditCardNumField_2).type(_testData.payment.creditCardNum_2);\ncy.get(_testData.payment.creditCardNumField_3).type(_testData.payment.creditCardNum_3);\ncy.get(_testData.payment.creditCardNumField_4).type(_testData.payment.creditCardNum_4);\n// DL + security code\ncy.get(_testData.payment.creditmmField).type(_testData.payment.creditmmNum);\ncy.get(_testData.payment.credityyField).type(_testData.payment.credityyNum);\ncy.get(_testData.payment.securityCodeField).type(_testData.payment.securityCodeNum);\n// Customer information\ncy.get(_testData.payment.cardholderField).type(_testData.payment.cardholderName);\ncy.get(_testData.payment.cardholderPhoneField).type(_testData.payment.cardholderPhoneNum);\ncy.get(_testData.payment.paynowBtn).click();\ncy.get(_testData.payment.checkBtnClose).click();\ncy.get(_testData.payment.paySubmit).click();\ncy.get(_testData.payment.btnConfirm).click();\n// confirmation message\ncy.xpath(_testData.payment.orderCheck).should(\"include.text\", _testData.payment.checkText);\ncy.get(_testData.payment.thxBuy).should(\"include.text\", _testData.payment.thxBuyText);",
              "err": {},
              "uuid": "ea064278-3d62-4516-b61b-5003c3b69f7c",
              "parentUUID": "e808b7bb-023e-40e9-a7ba-cb640cb2c36a",
              "isHook": false,
              "skipped": false
            },
            {
              "title": "nonInstantTrading",
              "fullTitle": "cashierStage nonInstantTrading",
              "timedOut": null,
              "duration": 15492,
              "state": "passed",
              "speed": "slow",
              "pass": true,
              "fail": false,
              "pending": false,
              "context": null,
              "code": "cy.get(_testData.cartSelect.selectItem).click();\ncy.get(_testData.cartSelect.colorWhite).click();\ncy.get(_testData.payment.confirmBtn).click({\n  force: true\n});\ncy.wait(2000);\ncy.xpath(_testData.imformation.nextStep).click();\ncy.get(_testData.imformation.shippingMethods, {\n  timeout: 3000\n}).click();\ncy.get(_testData.imformation.overSea).click();\ncy.get(_testData.imformation.recipientNameField).type(_testData.imformation.recipientName);\ncy.get(_testData.imformation.recipientPhoneField).type(_testData.imformation.recipientPhone);\ncy.get(_testData.imformation.recipientMailField).type(_testData.imformation.recipientMail);\ncy.get(_testData.imformation.ordereNotRecipientBTN).click();\ncy.get(_testData.imformation.orderNameField).type(_testData.imformation.orderNeme);\ncy.get(_testData.imformation.orderPhoneField).type(_testData.imformation.orderPhone);\ncy.get(_testData.imformation.orderMailField).type(_testData.imformation.orderMail);\ncy.get(_testData.imformation.addressField).click().type(_testData.imformation.address);\ncy.get(_testData.payment.methodATM).click();\ncy.get(_testData.payment.invoice).click();\ncy.get(_testData.payment.carrier).click();\ncy.get(_testData.payment.confirmBtn).click();\ncy.get(_testData.payment.chooseBank).select(_testData.payment.selectBank);\ncy.get(_testData.payment.atmSubmit).click();\ncy.get(_testData.payment.paymentMethod).should(\"include.text\", _testData.payment.paymentMethodTitle);\ncy.get(_testData.payment.paymentMethodField).should(\"include.text\", _testData.payment.paymentMethodContent);\ncy.xpath(_testData.payment.accountTitle).should(\"include.text\", _testData.payment.accountContent);",
              "err": {},
              "uuid": "ccbbe8f9-195c-4de0-90de-0b3261c3b4ca",
              "parentUUID": "e808b7bb-023e-40e9-a7ba-cb640cb2c36a",
              "isHook": false,
              "skipped": false
            }
          ],
          "suites": [],
          "passes": [
            "ea064278-3d62-4516-b61b-5003c3b69f7c",
            "ccbbe8f9-195c-4de0-90de-0b3261c3b4ca"
          ],
          "failures": [],
          "pending": [],
          "skipped": [],
          "duration": 49090,
          "root": false,
          "rootEmpty": false,
          "_timeout": 2000
        }
      ],
      "passes": [],
      "failures": [],
      "pending": [],
      "skipped": [],
      "duration": 0,
      "root": true,
      "rootEmpty": true,
      "_timeout": 2000
    },
    {
      "uuid": "75079d9c-0080-4193-8f2e-502fb9270b20",
      "title": "",
      "fullFile": "cypress\\e2e\\cashierStage.cy.js",
      "file": "cypress\\e2e\\cashierStage.cy.js",
      "beforeHooks": [],
      "afterHooks": [],
      "tests": [],
      "suites": [
        {
          "uuid": "e808b7bb-023e-40e9-a7ba-cb640cb2c36a",
          "title": "2024-02-23_1515_report",
          "fullFile": "",
          "file": "",
          "beforeHooks": [],
          "afterHooks": [],
          "tests": [
            {
              "title": "instantTrading",
              "fullTitle": "cashierStage instantTrading",
              "timedOut": null,
              "duration": 33598,
              "state": "passed",
              "speed": "slow",
              "pass": true,
              "fail": false,
              "pending": false,
              "context": null,
              "code": "// Multi product\ncy.get(_testData.cartSelect.miltiItem).click();\ncy.get(_testData.cartSelect.colorBlack).click();\ncy.get(_testData.cartSelect.addCart).click();\ncy.get(_testData.cartSelect.closeCaetBtn).click();\ncy.get(_testData.cartSelect.backHomepage).click();\n// Single product\ncy.get(_testData.cartSelect.singleItem).click();\ncy.get(_testData.cartSelect.addQuantity).click();\ncy.get(_testData.cartSelect.addCart).click();\ncy.get(_testData.cartSelect.checkout).click();\n// Subscriber Information\ncy.wait(1500);\ncy.xpath(_testData.imformation.nextStep).click();\ncy.get(_testData.imformation.shippingMethods).click();\ncy.get(_testData.imformation.recipientNameField).type(_testData.imformation.recipientName);\ncy.get(_testData.imformation.recipientPhoneField).type(_testData.imformation.recipientPhone);\ncy.get(_testData.imformation.recipientMailField).type(_testData.imformation.recipientMail);\ncy.get(_testData.imformation.countryField).select(_testData.imformation.country);\n// Postal address\ncy.get(_testData.imformation.districtField).select(_testData.imformation.district);\ncy.get(_testData.imformation.addressField).type(_testData.imformation.address);\n// choose the payment method + Green member\ncy.get(_testData.payment.methodCreditCard).click();\ncy.get(_testData.payment.invoice).click();\ncy.get(_testData.payment.carrier).click();\ncy.get(_testData.payment.confirmBtn).click();\n// creditCard pay off\ncy.get(_testData.payment.creditCardNumField_1).type(_testData.payment.creditCardNum_1);\ncy.get(_testData.payment.creditCardNumField_2).type(_testData.payment.creditCardNum_2);\ncy.get(_testData.payment.creditCardNumField_3).type(_testData.payment.creditCardNum_3);\ncy.get(_testData.payment.creditCardNumField_4).type(_testData.payment.creditCardNum_4);\n// DL + security code\ncy.get(_testData.payment.creditmmField).type(_testData.payment.creditmmNum);\ncy.get(_testData.payment.credityyField).type(_testData.payment.credityyNum);\ncy.get(_testData.payment.securityCodeField).type(_testData.payment.securityCodeNum);\n// Customer information\ncy.get(_testData.payment.cardholderField).type(_testData.payment.cardholderName);\ncy.get(_testData.payment.cardholderPhoneField).type(_testData.payment.cardholderPhoneNum);\ncy.get(_testData.payment.paynowBtn).click();\ncy.get(_testData.payment.checkBtnClose).click();\ncy.get(_testData.payment.paySubmit).click();\ncy.get(_testData.payment.btnConfirm).click();\n// confirmation message\ncy.xpath(_testData.payment.orderCheck).should(\"include.text\", _testData.payment.checkText);\ncy.get(_testData.payment.thxBuy).should(\"include.text\", _testData.payment.thxBuyText);",
              "err": {},
              "uuid": "ea064278-3d62-4516-b61b-5003c3b69f7c",
              "parentUUID": "e808b7bb-023e-40e9-a7ba-cb640cb2c36a",
              "isHook": false,
              "skipped": false
            },
            {
              "title": "nonInstantTrading",
              "fullTitle": "cashierStage nonInstantTrading",
              "timedOut": null,
              "duration": 15492,
              "state": "passed",
              "speed": "slow",
              "pass": true,
              "fail": false,
              "pending": false,
              "context": null,
              "code": "cy.get(_testData.cartSelect.selectItem).click();\ncy.get(_testData.cartSelect.colorWhite).click();\ncy.get(_testData.payment.confirmBtn).click({\n  force: true\n});\ncy.wait(2000);\ncy.xpath(_testData.imformation.nextStep).click();\ncy.get(_testData.imformation.shippingMethods, {\n  timeout: 3000\n}).click();\ncy.get(_testData.imformation.overSea).click();\ncy.get(_testData.imformation.recipientNameField).type(_testData.imformation.recipientName);\ncy.get(_testData.imformation.recipientPhoneField).type(_testData.imformation.recipientPhone);\ncy.get(_testData.imformation.recipientMailField).type(_testData.imformation.recipientMail);\ncy.get(_testData.imformation.ordereNotRecipientBTN).click();\ncy.get(_testData.imformation.orderNameField).type(_testData.imformation.orderNeme);\ncy.get(_testData.imformation.orderPhoneField).type(_testData.imformation.orderPhone);\ncy.get(_testData.imformation.orderMailField).type(_testData.imformation.orderMail);\ncy.get(_testData.imformation.addressField).click().type(_testData.imformation.address);\ncy.get(_testData.payment.methodATM).click();\ncy.get(_testData.payment.invoice).click();\ncy.get(_testData.payment.carrier).click();\ncy.get(_testData.payment.confirmBtn).click();\ncy.get(_testData.payment.chooseBank).select(_testData.payment.selectBank);\ncy.get(_testData.payment.atmSubmit).click();\ncy.get(_testData.payment.paymentMethod).should(\"include.text\", _testData.payment.paymentMethodTitle);\ncy.get(_testData.payment.paymentMethodField).should(\"include.text\", _testData.payment.paymentMethodContent);\ncy.xpath(_testData.payment.accountTitle).should(\"include.text\", _testData.payment.accountContent);",
              "err": {},
              "uuid": "ccbbe8f9-195c-4de0-90de-0b3261c3b4ca",
              "parentUUID": "e808b7bb-023e-40e9-a7ba-cb640cb2c36a",
              "isHook": false,
              "skipped": false
            }
          ],
          "suites": [],
          "passes": [
            "ea064278-3d62-4516-b61b-5003c3b69f7c",
            "ccbbe8f9-195c-4de0-90de-0b3261c3b4ca"
          ],
          "failures": [],
          "pending": [],
          "skipped": [],
          "duration": 49090,
          "root": false,
          "rootEmpty": false,
          "_timeout": 2000
        }
      ],
      "passes": [],
      "failures": [],
      "pending": [],
      "skipped": [],
      "duration": 0,
      "root": true,
      "rootEmpty": true,
      "_timeout": 2000
    },
    {
      "uuid": "75079d9c-0080-4193-8f2e-502fb9270b20",
      "title": "",
      "fullFile": "cypress\\e2e\\cashierStage.cy.js",
      "file": "cypress\\e2e\\cashierStage.cy.js",
      "beforeHooks": [],
      "afterHooks": [],
      "tests": [],
      "suites": [
        {
          "uuid": "e808b7bb-023e-40e9-a7ba-cb640cb2c36a",
          "title": "2024-02-22_1515_report",
          "fullFile": "",
          "file": "",
          "beforeHooks": [],
          "afterHooks": [],
          "tests": [
            {
              "title": "instantTrading",
              "fullTitle": "cashierStage instantTrading",
              "timedOut": null,
              "duration": 33598,
              "state": "passed",
              "speed": "slow",
              "pass": true,
              "fail": false,
              "pending": false,
              "context": null,
              "code": "// Multi product\ncy.get(_testData.cartSelect.miltiItem).click();\ncy.get(_testData.cartSelect.colorBlack).click();\ncy.get(_testData.cartSelect.addCart).click();\ncy.get(_testData.cartSelect.closeCaetBtn).click();\ncy.get(_testData.cartSelect.backHomepage).click();\n// Single product\ncy.get(_testData.cartSelect.singleItem).click();\ncy.get(_testData.cartSelect.addQuantity).click();\ncy.get(_testData.cartSelect.addCart).click();\ncy.get(_testData.cartSelect.checkout).click();\n// Subscriber Information\ncy.wait(1500);\ncy.xpath(_testData.imformation.nextStep).click();\ncy.get(_testData.imformation.shippingMethods).click();\ncy.get(_testData.imformation.recipientNameField).type(_testData.imformation.recipientName);\ncy.get(_testData.imformation.recipientPhoneField).type(_testData.imformation.recipientPhone);\ncy.get(_testData.imformation.recipientMailField).type(_testData.imformation.recipientMail);\ncy.get(_testData.imformation.countryField).select(_testData.imformation.country);\n// Postal address\ncy.get(_testData.imformation.districtField).select(_testData.imformation.district);\ncy.get(_testData.imformation.addressField).type(_testData.imformation.address);\n// choose the payment method + Green member\ncy.get(_testData.payment.methodCreditCard).click();\ncy.get(_testData.payment.invoice).click();\ncy.get(_testData.payment.carrier).click();\ncy.get(_testData.payment.confirmBtn).click();\n// creditCard pay off\ncy.get(_testData.payment.creditCardNumField_1).type(_testData.payment.creditCardNum_1);\ncy.get(_testData.payment.creditCardNumField_2).type(_testData.payment.creditCardNum_2);\ncy.get(_testData.payment.creditCardNumField_3).type(_testData.payment.creditCardNum_3);\ncy.get(_testData.payment.creditCardNumField_4).type(_testData.payment.creditCardNum_4);\n// DL + security code\ncy.get(_testData.payment.creditmmField).type(_testData.payment.creditmmNum);\ncy.get(_testData.payment.credityyField).type(_testData.payment.credityyNum);\ncy.get(_testData.payment.securityCodeField).type(_testData.payment.securityCodeNum);\n// Customer information\ncy.get(_testData.payment.cardholderField).type(_testData.payment.cardholderName);\ncy.get(_testData.payment.cardholderPhoneField).type(_testData.payment.cardholderPhoneNum);\ncy.get(_testData.payment.paynowBtn).click();\ncy.get(_testData.payment.checkBtnClose).click();\ncy.get(_testData.payment.paySubmit).click();\ncy.get(_testData.payment.btnConfirm).click();\n// confirmation message\ncy.xpath(_testData.payment.orderCheck).should(\"include.text\", _testData.payment.checkText);\ncy.get(_testData.payment.thxBuy).should(\"include.text\", _testData.payment.thxBuyText);",
              "err": {},
              "uuid": "ea064278-3d62-4516-b61b-5003c3b69f7c",
              "parentUUID": "e808b7bb-023e-40e9-a7ba-cb640cb2c36a",
              "isHook": false,
              "skipped": false
            },
            {
              "title": "nonInstantTrading",
              "fullTitle": "cashierStage nonInstantTrading",
              "timedOut": null,
              "duration": 15492,
              "state": "passed",
              "speed": "slow",
              "pass": true,
              "fail": false,
              "pending": false,
              "context": null,
              "code": "cy.get(_testData.cartSelect.selectItem).click();\ncy.get(_testData.cartSelect.colorWhite).click();\ncy.get(_testData.payment.confirmBtn).click({\n  force: true\n});\ncy.wait(2000);\ncy.xpath(_testData.imformation.nextStep).click();\ncy.get(_testData.imformation.shippingMethods, {\n  timeout: 3000\n}).click();\ncy.get(_testData.imformation.overSea).click();\ncy.get(_testData.imformation.recipientNameField).type(_testData.imformation.recipientName);\ncy.get(_testData.imformation.recipientPhoneField).type(_testData.imformation.recipientPhone);\ncy.get(_testData.imformation.recipientMailField).type(_testData.imformation.recipientMail);\ncy.get(_testData.imformation.ordereNotRecipientBTN).click();\ncy.get(_testData.imformation.orderNameField).type(_testData.imformation.orderNeme);\ncy.get(_testData.imformation.orderPhoneField).type(_testData.imformation.orderPhone);\ncy.get(_testData.imformation.orderMailField).type(_testData.imformation.orderMail);\ncy.get(_testData.imformation.addressField).click().type(_testData.imformation.address);\ncy.get(_testData.payment.methodATM).click();\ncy.get(_testData.payment.invoice).click();\ncy.get(_testData.payment.carrier).click();\ncy.get(_testData.payment.confirmBtn).click();\ncy.get(_testData.payment.chooseBank).select(_testData.payment.selectBank);\ncy.get(_testData.payment.atmSubmit).click();\ncy.get(_testData.payment.paymentMethod).should(\"include.text\", _testData.payment.paymentMethodTitle);\ncy.get(_testData.payment.paymentMethodField).should(\"include.text\", _testData.payment.paymentMethodContent);\ncy.xpath(_testData.payment.accountTitle).should(\"include.text\", _testData.payment.accountContent);",
              "err": {},
              "uuid": "ccbbe8f9-195c-4de0-90de-0b3261c3b4ca",
              "parentUUID": "e808b7bb-023e-40e9-a7ba-cb640cb2c36a",
              "isHook": false,
              "skipped": false
            }
          ],
          "suites": [],
          "passes": [
            "ea064278-3d62-4516-b61b-5003c3b69f7c",
            "ccbbe8f9-195c-4de0-90de-0b3261c3b4ca"
          ],
          "failures": [],
          "pending": [],
          "skipped": [],
          "duration": 49090,
          "root": false,
          "rootEmpty": false,
          "_timeout": 2000
        }
      ],
      "passes": [],
      "failures": [],
      "pending": [],
      "skipped": [],
      "duration": 0,
      "root": true,
      "rootEmpty": true,
      "_timeout": 2000
    },
    {
      "uuid": "956c012a-f2d2-4750-962f-f1fd064c3103",
      "title": "",
      "fullFile": "cypress\\e2e\\cashierStage.cy.js",
      "file": "cypress\\e2e\\cashierStage.cy.js",
      "beforeHooks": [],
      "afterHooks": [],
      "tests": [],
      "suites": [
        {
          "uuid": "69807401-48b5-44dd-ba49-a297eb33e70d",
          "title": "2024-02-20_1130_report",
          "fullFile": "",
          "file": "",
          "beforeHooks": [],
          "afterHooks": [],
          "tests": [
            {
              "title": "instantTrading",
              "fullTitle": "cashierStage instantTrading",
              "timedOut": null,
              "duration": 31433,
              "state": "passed",
              "speed": "slow",
              "pass": true,
              "fail": false,
              "pending": false,
              "context": null,
              "code": "// Multi product\ncy.get(_testData.cartSelect.miltiItem).click();\ncy.get(_testData.cartSelect.colorBlack).click();\ncy.get(_testData.cartSelect.addCart).click();\ncy.get(_testData.cartSelect.closeCaetBtn).click();\ncy.get(_testData.cartSelect.backHomepage).click();\n// Single product\ncy.get(_testData.cartSelect.singleItem).click();\ncy.get(_testData.cartSelect.addQuantity).click();\ncy.get(_testData.cartSelect.addCart).click();\ncy.get(_testData.cartSelect.checkout).click();\n// Subscriber Information\ncy.wait(1500);\ncy.xpath(_testData.imformation.nextStep).click();\ncy.get(_testData.imformation.shippingMethods).click();\ncy.get(_testData.imformation.recipientNameField).type(_testData.imformation.recipientName);\ncy.get(_testData.imformation.recipientPhoneField).type(_testData.imformation.recipientPhone);\ncy.get(_testData.imformation.recipientMailField).type(_testData.imformation.recipientMail);\ncy.get(_testData.imformation.countryField).select(_testData.imformation.country);\n// Postal address\ncy.get(_testData.imformation.districtField).select(_testData.imformation.district);\ncy.get(_testData.imformation.addressField).type(_testData.imformation.address);\n// choose the payment method + Green member\ncy.get(_testData.payment.methodCreditCard).click();\ncy.get(_testData.payment.invoice).click();\ncy.get(_testData.payment.carrier).click();\ncy.get(_testData.payment.confirmBtn).click();\n// creditCard pay off\ncy.get(_testData.payment.creditCardNumField_1).type(_testData.payment.creditCardNum_1);\ncy.get(_testData.payment.creditCardNumField_2).type(_testData.payment.creditCardNum_2);\ncy.get(_testData.payment.creditCardNumField_3).type(_testData.payment.creditCardNum_3);\ncy.get(_testData.payment.creditCardNumField_4).type(_testData.payment.creditCardNum_4);\n// DL + security code\ncy.get(_testData.payment.creditmmField).type(_testData.payment.creditmmNum);\ncy.get(_testData.payment.credityyField).type(_testData.payment.credityyNum);\ncy.get(_testData.payment.securityCodeField).type(_testData.payment.securityCodeNum);\n// Customer information\ncy.get(_testData.payment.cardholderField).type(_testData.payment.cardholderName);\ncy.get(_testData.payment.cardholderPhoneField).type(_testData.payment.cardholderPhoneNum);\ncy.get(_testData.payment.paynowBtn).click();\ncy.get(_testData.payment.checkBtnClose).click();\ncy.get(_testData.payment.paySubmit).click();\ncy.get(_testData.payment.btnConfirm).click();\n// confirmation message\ncy.xpath(_testData.payment.orderCheck).should(\"include.text\", _testData.payment.checkText);\ncy.get(_testData.payment.thxBuy).should(\"include.text\", _testData.payment.thxBuyText);",
              "err": {},
              "uuid": "583fa4bc-32a8-4bbb-bd33-693c0b63fc8e",
              "parentUUID": "69807401-48b5-44dd-ba49-a297eb33e70d",
              "isHook": false,
              "skipped": false
            },
            {
              "title": "nonInstantTrading",
              "fullTitle": "cashierStage nonInstantTrading",
              "timedOut": null,
              "duration": 17382,
              "state": "passed",
              "speed": "slow",
              "pass": true,
              "fail": false,
              "pending": false,
              "context": null,
              "code": "cy.get(_testData.cartSelect.selectItem).click();\ncy.get(_testData.cartSelect.colorWhite).click();\ncy.get(_testData.payment.confirmBtn).click({\n  force: true\n});\ncy.wait(2000);\ncy.xpath(_testData.imformation.nextStep).click();\ncy.get(_testData.imformation.shippingMethods, {\n  timeout: 3000\n}).click();\ncy.get(_testData.imformation.overSea).click();\ncy.get(_testData.imformation.recipientNameField).type(_testData.imformation.recipientName);\ncy.get(_testData.imformation.recipientPhoneField).type(_testData.imformation.recipientPhone);\ncy.get(_testData.imformation.recipientMailField).type(_testData.imformation.recipientMail);\ncy.get(_testData.imformation.ordereNotRecipientBTN).click();\ncy.get(_testData.imformation.orderNameField).type(_testData.imformation.orderNeme);\ncy.get(_testData.imformation.orderPhoneField).type(_testData.imformation.orderPhone);\ncy.get(_testData.imformation.orderMailField).type(_testData.imformation.orderMail);\ncy.get(_testData.imformation.addressField).click().type(_testData.imformation.address);\ncy.get(_testData.payment.methodATM).click();\ncy.get(_testData.payment.invoice).click();\ncy.get(_testData.payment.carrier).click();\ncy.get(_testData.payment.confirmBtn).click();\ncy.get(_testData.payment.chooseBank).select(_testData.payment.selectBank);\ncy.get(_testData.payment.atmSubmit).click();\ncy.get(_testData.payment.paymentMethod).should(\"include.text\", _testData.payment.paymentMethodTitle);\ncy.get(_testData.payment.paymentMethodField).should(\"include.text\", _testData.payment.paymentMethodContent);\ncy.xpath(_testData.payment.accountTitle).should(\"include.text\", _testData.payment.accountContent);",
              "err": {},
              "uuid": "da74ede5-d7b6-4a31-96e1-83ffbb45ba6d",
              "parentUUID": "69807401-48b5-44dd-ba49-a297eb33e70d",
              "isHook": false,
              "skipped": false
            }
          ],
          "suites": [],
          "passes": [
            "583fa4bc-32a8-4bbb-bd33-693c0b63fc8e",
            "da74ede5-d7b6-4a31-96e1-83ffbb45ba6d"
          ],
          "failures": [],
          "pending": [],
          "skipped": [],
          "duration": 48815,
          "root": false,
          "rootEmpty": false,
          "_timeout": 2000
        }
      ],
      "passes": [],
      "failures": [],
      "pending": [],
      "skipped": [],
      "duration": 0,
      "root": true,
      "rootEmpty": true,
      "_timeout": 2000
    },
    {
      "uuid": "55769015-ad0d-4a26-8db9-149343efcb78",
      "title": "",
      "fullFile": "cypress\\e2e\\cashierStage.cy.js",
      "file": "cypress\\e2e\\cashierStage.cy.js",
      "beforeHooks": [],
      "afterHooks": [],
      "tests": [],
      "suites": [
        {
          "uuid": "5b9eaa4c-f9ac-491e-a8e2-2f02471f2b34",
          "title": "2024-02-19_1125_report",
          "fullFile": "",
          "file": "",
          "beforeHooks": [],
          "afterHooks": [],
          "tests": [
            {
              "title": "instantTrading",
              "fullTitle": "cashierStage instantTrading",
              "timedOut": null,
              "duration": 43300,
              "state": "passed",
              "speed": "slow",
              "pass": true,
              "fail": false,
              "pending": false,
              "context": null,
              "code": "// Multi product\ncy.get(_testData.cartSelect.miltiItem).click();\ncy.get(_testData.cartSelect.colorBlack).click();\ncy.get(_testData.cartSelect.addCart).click();\ncy.get(_testData.cartSelect.closeCaetBtn).click();\ncy.get(_testData.cartSelect.backHomepage).click();\n// Single product\ncy.get(_testData.cartSelect.singleItem).click();\ncy.get(_testData.cartSelect.addQuantity).click();\ncy.get(_testData.cartSelect.addCart).click();\ncy.get(_testData.cartSelect.checkout).click();\n// Subscriber Information\ncy.wait(1500);\ncy.xpath(_testData.imformation.nextStep).click();\ncy.get(_testData.imformation.shippingMethods).click();\ncy.get(_testData.imformation.recipientNameField).type(_testData.imformation.recipientName);\ncy.get(_testData.imformation.recipientPhoneField).type(_testData.imformation.recipientPhone);\ncy.get(_testData.imformation.recipientMailField).type(_testData.imformation.recipientMail);\ncy.get(_testData.imformation.countryField).select(_testData.imformation.country);\n// Postal address\ncy.get(_testData.imformation.districtField).select(_testData.imformation.district);\ncy.get(_testData.imformation.addressField).type(_testData.imformation.address);\n// choose the payment method + Green member\ncy.get(_testData.payment.methodCreditCard).click();\ncy.get(_testData.payment.invoice).click();\ncy.get(_testData.payment.carrier).click();\ncy.get(_testData.payment.confirmBtn).click();\n// creditCard pay off\ncy.get(_testData.payment.creditCardNumField_1).type(_testData.payment.creditCardNum_1);\ncy.get(_testData.payment.creditCardNumField_2).type(_testData.payment.creditCardNum_2);\ncy.get(_testData.payment.creditCardNumField_3).type(_testData.payment.creditCardNum_3);\ncy.get(_testData.payment.creditCardNumField_4).type(_testData.payment.creditCardNum_4);\n// DL + security code\ncy.get(_testData.payment.creditmmField).type(_testData.payment.creditmmNum);\ncy.get(_testData.payment.credityyField).type(_testData.payment.credityyNum);\ncy.get(_testData.payment.securityCodeField).type(_testData.payment.securityCodeNum);\n// Customer information\ncy.get(_testData.payment.cardholderField).type(_testData.payment.cardholderName);\ncy.get(_testData.payment.cardholderPhoneField).type(_testData.payment.cardholderPhoneNum);\ncy.get(_testData.payment.paynowBtn).click();\ncy.get(_testData.payment.checkBtnClose).click();\ncy.get(_testData.payment.paySubmit).click();\ncy.get(_testData.payment.btnConfirm).click();\n// confirmation message\ncy.xpath(_testData.payment.orderCheck).should(\"include.text\", _testData.payment.checkText);\ncy.get(_testData.payment.thxBuy).should(\"include.text\", _testData.payment.thxBuyText);",
              "err": {},
              "uuid": "8dd9b397-f712-4707-8234-d07904e07608",
              "parentUUID": "5b9eaa4c-f9ac-491e-a8e2-2f02471f2b34",
              "isHook": false,
              "skipped": false
            },
            {
              "title": "nonInstantTrading",
              "fullTitle": "cashierStage nonInstantTrading",
              "timedOut": null,
              "duration": 18364,
              "state": "passed",
              "speed": "slow",
              "pass": true,
              "fail": false,
              "pending": false,
              "context": null,
              "code": "cy.get(_testData.cartSelect.selectItem).click();\ncy.get(_testData.cartSelect.colorWhite).click();\ncy.get(_testData.payment.confirmBtn).click({\n  force: true\n});\ncy.wait(2000);\ncy.xpath(_testData.imformation.nextStep).click();\ncy.get(_testData.imformation.shippingMethods, {\n  timeout: 3000\n}).click();\ncy.get(_testData.imformation.overSea).click();\ncy.get(_testData.imformation.recipientNameField).type(_testData.imformation.recipientName);\ncy.get(_testData.imformation.recipientPhoneField).type(_testData.imformation.recipientPhone);\ncy.get(_testData.imformation.recipientMailField).type(_testData.imformation.recipientMail);\ncy.get(_testData.imformation.ordereNotRecipientBTN).click();\ncy.get(_testData.imformation.orderNameField).type(_testData.imformation.orderNeme);\ncy.get(_testData.imformation.orderPhoneField).type(_testData.imformation.orderPhone);\ncy.get(_testData.imformation.orderMailField).type(_testData.imformation.orderMail);\ncy.get(_testData.imformation.addressField).click().type(_testData.imformation.address);\ncy.get(_testData.payment.methodATM).click();\ncy.get(_testData.payment.invoice).click();\ncy.get(_testData.payment.carrier).click();\ncy.get(_testData.payment.confirmBtn).click();\ncy.get(_testData.payment.chooseBank).select(_testData.payment.selectBank);\ncy.get(_testData.payment.atmSubmit).click();\ncy.get(_testData.payment.paymentMethod).should(\"include.text\", _testData.payment.paymentMethodTitle);\ncy.get(_testData.payment.paymentMethodField).should(\"include.text\", _testData.payment.paymentMethodContent);\ncy.xpath(_testData.payment.accountTitle).should(\"include.text\", _testData.payment.accountContent);",
              "err": {},
              "uuid": "3cf83a3f-6c13-4afb-bb61-4c498da227fa",
              "parentUUID": "5b9eaa4c-f9ac-491e-a8e2-2f02471f2b34",
              "isHook": false,
              "skipped": false
            }
          ],
          "suites": [],
          "passes": [
            "8dd9b397-f712-4707-8234-d07904e07608",
            "3cf83a3f-6c13-4afb-bb61-4c498da227fa"
          ],
          "failures": [],
          "pending": [],
          "skipped": [],
          "duration": 61664,
          "root": false,
          "rootEmpty": false,
          "_timeout": 2000
        }
      ],
      "passes": [],
      "failures": [],
      "pending": [],
      "skipped": [],
      "duration": 0,
      "root": true,
      "rootEmpty": true,
      "_timeout": 2000
    },
    {
      "uuid": "ba804497-e698-4609-9f6f-73e7bb9e4445",
      "title": "",
      "fullFile": "cypress\\e2e\\cashierStage.cy.js",
      "file": "cypress\\e2e\\cashierStage.cy.js",
      "beforeHooks": [],
      "afterHooks": [],
      "tests": [],
      "suites": [
        {
          "uuid": "eee7f583-2919-4c70-8b46-907cfae1bb0c",
          "title": "2024-02-17_1109_report",
          "fullFile": "",
          "file": "",
          "beforeHooks": [],
          "afterHooks": [],
          "tests": [
            {
              "title": "instantTrading",
              "fullTitle": "cashierStage instantTrading",
              "timedOut": null,
              "duration": 35180,
              "state": "passed",
              "speed": "slow",
              "pass": true,
              "fail": false,
              "pending": false,
              "context": null,
              "code": "// Multi product\ncy.get(_testData.cartSelect.miltiItem).click();\ncy.get(_testData.cartSelect.colorBlack).click();\ncy.get(_testData.cartSelect.addCart).click();\ncy.get(_testData.cartSelect.closeCaetBtn).click();\ncy.get(_testData.cartSelect.backHomepage).click();\n// Single product\ncy.get(_testData.cartSelect.singleItem).click();\ncy.get(_testData.cartSelect.addQuantity).click();\ncy.get(_testData.cartSelect.addCart).click();\ncy.get(_testData.cartSelect.checkout).click();\n// Subscriber Information\ncy.wait(1500);\ncy.xpath(_testData.imformation.nextStep).click();\ncy.get(_testData.imformation.shippingMethods).click();\ncy.get(_testData.imformation.recipientNameField).type(_testData.imformation.recipientName);\ncy.get(_testData.imformation.recipientPhoneField).type(_testData.imformation.recipientPhone);\ncy.get(_testData.imformation.recipientMailField).type(_testData.imformation.recipientMail);\ncy.get(_testData.imformation.countryField).select(_testData.imformation.country);\n// Postal address\ncy.get(_testData.imformation.districtField).select(_testData.imformation.district);\ncy.get(_testData.imformation.addressField).type(_testData.imformation.address);\n// choose the payment method + Green member\ncy.get(_testData.payment.methodCreditCard).click();\ncy.get(_testData.payment.invoice).click();\ncy.get(_testData.payment.carrier).click();\ncy.get(_testData.payment.confirmBtn).click();\n// creditCard pay off\ncy.get(_testData.payment.creditCardNumField_1).type(_testData.payment.creditCardNum_1);\ncy.get(_testData.payment.creditCardNumField_2).type(_testData.payment.creditCardNum_2);\ncy.get(_testData.payment.creditCardNumField_3).type(_testData.payment.creditCardNum_3);\ncy.get(_testData.payment.creditCardNumField_4).type(_testData.payment.creditCardNum_4);\n// DL + security code\ncy.get(_testData.payment.creditmmField).type(_testData.payment.creditmmNum);\ncy.get(_testData.payment.credityyField).type(_testData.payment.credityyNum);\ncy.get(_testData.payment.securityCodeField).type(_testData.payment.securityCodeNum);\n// Customer information\ncy.get(_testData.payment.cardholderField).type(_testData.payment.cardholderName);\ncy.get(_testData.payment.cardholderPhoneField).type(_testData.payment.cardholderPhoneNum);\ncy.get(_testData.payment.paynowBtn).click();\ncy.get(_testData.payment.checkBtnClose).click();\ncy.get(_testData.payment.paySubmit).click();\ncy.get(_testData.payment.btnConfirm).click();\n// confirmation message\ncy.xpath(_testData.payment.orderCheck).should(\"include.text\", _testData.payment.checkText);\ncy.get(_testData.payment.thxBuy).should(\"include.text\", _testData.payment.thxBuyText);",
              "err": {},
              "uuid": "611fed98-3f1a-4af8-974d-6294862ce6b6",
              "parentUUID": "eee7f583-2919-4c70-8b46-907cfae1bb0c",
              "isHook": false,
              "skipped": false
            },
            {
              "title": "nonInstantTrading",
              "fullTitle": "cashierStage nonInstantTrading",
              "timedOut": null,
              "duration": 19927,
              "state": "passed",
              "speed": "slow",
              "pass": true,
              "fail": false,
              "pending": false,
              "context": null,
              "code": "cy.get(_testData.cartSelect.selectItem).click();\ncy.get(_testData.cartSelect.colorWhite).click();\ncy.get(_testData.payment.confirmBtn).click({\n  force: true\n});\ncy.wait(2000);\ncy.xpath(_testData.imformation.nextStep).click();\ncy.get(_testData.imformation.shippingMethods, {\n  timeout: 3000\n}).click();\ncy.get(_testData.imformation.overSea).click();\ncy.get(_testData.imformation.recipientNameField).type(_testData.imformation.recipientName);\ncy.get(_testData.imformation.recipientPhoneField).type(_testData.imformation.recipientPhone);\ncy.get(_testData.imformation.recipientMailField).type(_testData.imformation.recipientMail);\ncy.get(_testData.imformation.ordereNotRecipientBTN).click();\ncy.get(_testData.imformation.orderNameField).type(_testData.imformation.orderNeme);\ncy.get(_testData.imformation.orderPhoneField).type(_testData.imformation.orderPhone);\ncy.get(_testData.imformation.orderMailField).type(_testData.imformation.orderMail);\ncy.get(_testData.imformation.addressField).click().type(_testData.imformation.address);\ncy.get(_testData.payment.methodATM).click();\ncy.get(_testData.payment.invoice).click();\ncy.get(_testData.payment.carrier).click();\ncy.get(_testData.payment.confirmBtn).click();\ncy.get(_testData.payment.chooseBank).select(_testData.payment.selectBank);\ncy.get(_testData.payment.atmSubmit).click();\ncy.get(_testData.payment.paymentMethod).should(\"include.text\", _testData.payment.paymentMethodTitle);\ncy.get(_testData.payment.paymentMethodField).should(\"include.text\", _testData.payment.paymentMethodContent);\ncy.xpath(_testData.payment.accountTitle).should(\"include.text\", _testData.payment.accountContent);",
              "err": {},
              "uuid": "847b17fe-7518-462c-a3cf-006c91630cc2",
              "parentUUID": "eee7f583-2919-4c70-8b46-907cfae1bb0c",
              "isHook": false,
              "skipped": false
            }
          ],
          "suites": [],
          "passes": [
            "611fed98-3f1a-4af8-974d-6294862ce6b6",
            "847b17fe-7518-462c-a3cf-006c91630cc2"
          ],
          "failures": [],
          "pending": [],
          "skipped": [],
          "duration": 55107,
          "root": false,
          "rootEmpty": false,
          "_timeout": 2000
        }
      ],
      "passes": [],
      "failures": [],
      "pending": [],
      "skipped": [],
      "duration": 0,
      "root": true,
      "rootEmpty": true,
      "_timeout": 2000
    },
    {
      "uuid": "cd1a9335-f6a0-4596-a2db-cb3366fac9ed",
      "title": "",
      "fullFile": "cypress\\e2e\\cashierStage.cy.js",
      "file": "cypress\\e2e\\cashierStage.cy.js",
      "beforeHooks": [],
      "afterHooks": [],
      "tests": [],
      "suites": [
        {
          "uuid": "5c6777e7-cadf-480e-a083-5144b2dc5791",
          "title": "2024-02-16_0922_report",
          "fullFile": "",
          "file": "",
          "beforeHooks": [],
          "afterHooks": [],
          "tests": [
            {
              "title": "instantTrading",
              "fullTitle": "cashierStage instantTrading",
              "timedOut": null,
              "duration": 37786,
              "state": "passed",
              "speed": "slow",
              "pass": true,
              "fail": false,
              "pending": false,
              "context": null,
              "code": "// Multi product\ncy.get(_testData.cartSelect.miltiItem).click();\ncy.get(_testData.cartSelect.colorBlack).click();\ncy.get(_testData.cartSelect.addCart).click();\ncy.get(_testData.cartSelect.closeCaetBtn).click();\ncy.get(_testData.cartSelect.backHomepage).click();\n// Single product\ncy.get(_testData.cartSelect.singleItem).click();\ncy.get(_testData.cartSelect.addQuantity).click();\ncy.get(_testData.cartSelect.addCart).click();\ncy.get(_testData.cartSelect.checkout).click();\n// Subscriber Information\ncy.wait(1500);\ncy.xpath(_testData.imformation.nextStep).click();\ncy.get(_testData.imformation.shippingMethods).click();\ncy.get(_testData.imformation.recipientNameField).type(_testData.imformation.recipientName);\ncy.get(_testData.imformation.recipientPhoneField).type(_testData.imformation.recipientPhone);\ncy.get(_testData.imformation.recipientMailField).type(_testData.imformation.recipientMail);\ncy.get(_testData.imformation.countryField).select(_testData.imformation.country);\n// Postal address\ncy.get(_testData.imformation.districtField).select(_testData.imformation.district);\ncy.get(_testData.imformation.addressField).type(_testData.imformation.address);\n// choose the payment method + Green member\ncy.get(_testData.payment.methodCreditCard).click();\ncy.get(_testData.payment.invoice).click();\ncy.get(_testData.payment.carrier).click();\ncy.get(_testData.payment.confirmBtn).click();\n// creditCard pay off\ncy.get(_testData.payment.creditCardNumField_1).type(_testData.payment.creditCardNum_1);\ncy.get(_testData.payment.creditCardNumField_2).type(_testData.payment.creditCardNum_2);\ncy.get(_testData.payment.creditCardNumField_3).type(_testData.payment.creditCardNum_3);\ncy.get(_testData.payment.creditCardNumField_4).type(_testData.payment.creditCardNum_4);\n// DL + security code\ncy.get(_testData.payment.creditmmField).type(_testData.payment.creditmmNum);\ncy.get(_testData.payment.credityyField).type(_testData.payment.credityyNum);\ncy.get(_testData.payment.securityCodeField).type(_testData.payment.securityCodeNum);\n// Customer information\ncy.get(_testData.payment.cardholderField).type(_testData.payment.cardholderName);\ncy.get(_testData.payment.cardholderPhoneField).type(_testData.payment.cardholderPhoneNum);\ncy.get(_testData.payment.paynowBtn).click();\ncy.get(_testData.payment.checkBtnClose).click();\ncy.get(_testData.payment.paySubmit).click();\ncy.get(_testData.payment.btnConfirm).click();\n// confirmation message\ncy.xpath(_testData.payment.orderCheck).should(\"include.text\", _testData.payment.checkText);\ncy.get(_testData.payment.thxBuy).should(\"include.text\", _testData.payment.thxBuyText);",
              "err": {},
              "uuid": "77d0a6eb-6339-4490-922c-a0c028d83bbe",
              "parentUUID": "5c6777e7-cadf-480e-a083-5144b2dc5791",
              "isHook": false,
              "skipped": false
            },
            {
              "title": "nonInstantTrading",
              "fullTitle": "cashierStage nonInstantTrading",
              "timedOut": null,
              "duration": 19396,
              "state": "passed",
              "speed": "slow",
              "pass": true,
              "fail": false,
              "pending": false,
              "context": null,
              "code": "cy.get(_testData.cartSelect.selectItem).click();\ncy.get(_testData.cartSelect.colorWhite).click();\ncy.get(_testData.payment.confirmBtn).click({\n  force: true\n});\ncy.wait(2000);\ncy.xpath(_testData.imformation.nextStep).click();\ncy.get(_testData.imformation.shippingMethods, {\n  timeout: 3000\n}).click();\ncy.get(_testData.imformation.overSea).click();\ncy.get(_testData.imformation.recipientNameField).type(_testData.imformation.recipientName);\ncy.get(_testData.imformation.recipientPhoneField).type(_testData.imformation.recipientPhone);\ncy.get(_testData.imformation.recipientMailField).type(_testData.imformation.recipientMail);\ncy.get(_testData.imformation.ordereNotRecipientBTN).click();\ncy.get(_testData.imformation.orderNameField).type(_testData.imformation.orderNeme);\ncy.get(_testData.imformation.orderPhoneField).type(_testData.imformation.orderPhone);\ncy.get(_testData.imformation.orderMailField).type(_testData.imformation.orderMail);\ncy.get(_testData.imformation.addressField).click().type(_testData.imformation.address);\ncy.get(_testData.payment.methodATM).click();\ncy.get(_testData.payment.invoice).click();\ncy.get(_testData.payment.carrier).click();\ncy.get(_testData.payment.confirmBtn).click();\ncy.get(_testData.payment.chooseBank).select(_testData.payment.selectBank);\ncy.get(_testData.payment.atmSubmit).click();\ncy.get(_testData.payment.paymentMethod).should(\"include.text\", _testData.payment.paymentMethodTitle);\ncy.get(_testData.payment.paymentMethodField).should(\"include.text\", _testData.payment.paymentMethodContent);\ncy.xpath(_testData.payment.accountTitle).should(\"include.text\", _testData.payment.accountContent);",
              "err": {},
              "uuid": "a140bd0a-61db-449c-a48c-a33d60963e31",
              "parentUUID": "5c6777e7-cadf-480e-a083-5144b2dc5791",
              "isHook": false,
              "skipped": false
            }
          ],
          "suites": [],
          "passes": [
            "77d0a6eb-6339-4490-922c-a0c028d83bbe",
            "a140bd0a-61db-449c-a48c-a33d60963e31"
          ],
          "failures": [],
          "pending": [],
          "skipped": [],
          "duration": 57182,
          "root": false,
          "rootEmpty": false,
          "_timeout": 2000
        }
      ],
      "passes": [],
      "failures": [],
      "pending": [],
      "skipped": [],
      "duration": 0,
      "root": true,
      "rootEmpty": true,
      "_timeout": 2000
    },
    {
      "uuid": "052b700b-1e7c-46c0-bce2-80e9aad0a3c4",
      "title": "",
      "fullFile": "cypress\\e2e\\cashierStage.cy.js",
      "file": "cypress\\e2e\\cashierStage.cy.js",
      "beforeHooks": [],
      "afterHooks": [],
      "tests": [],
      "suites": [
        {
          "uuid": "9cf731ca-8408-4247-a219-a56e56e0c535",
          "title": "2024-02-15_1007_report",
          "fullFile": "",
          "file": "",
          "beforeHooks": [],
          "afterHooks": [],
          "tests": [
            {
              "title": "instantTrading",
              "fullTitle": "cashierStage instantTrading",
              "timedOut": null,
              "duration": 30450,
              "state": "passed",
              "speed": "slow",
              "pass": true,
              "fail": false,
              "pending": false,
              "context": null,
              "code": "// Multi product\ncy.get(_testData.cartSelect.miltiItem).click();\ncy.get(_testData.cartSelect.colorBlack).click();\ncy.get(_testData.cartSelect.addCart).click();\ncy.get(_testData.cartSelect.closeCaetBtn).click();\ncy.get(_testData.cartSelect.backHomepage).click();\n// Single product\ncy.get(_testData.cartSelect.singleItem).click();\ncy.get(_testData.cartSelect.addQuantity).click();\ncy.get(_testData.cartSelect.addCart).click();\ncy.get(_testData.cartSelect.checkout).click();\n// Subscriber Information\ncy.wait(1500);\ncy.xpath(_testData.imformation.nextStep).click();\ncy.get(_testData.imformation.shippingMethods).click();\ncy.get(_testData.imformation.recipientNameField).type(_testData.imformation.recipientName);\ncy.get(_testData.imformation.recipientPhoneField).type(_testData.imformation.recipientPhone);\ncy.get(_testData.imformation.recipientMailField).type(_testData.imformation.recipientMail);\ncy.get(_testData.imformation.countryField).select(_testData.imformation.country);\n// Postal address\ncy.get(_testData.imformation.districtField).select(_testData.imformation.district);\ncy.get(_testData.imformation.addressField).type(_testData.imformation.address);\n// choose the payment method + Green member\ncy.get(_testData.payment.methodCreditCard).click();\ncy.get(_testData.payment.invoice).click();\ncy.get(_testData.payment.carrier).click();\ncy.get(_testData.payment.confirmBtn).click();\n// creditCard pay off\ncy.get(_testData.payment.creditCardNumField_1).type(_testData.payment.creditCardNum_1);\ncy.get(_testData.payment.creditCardNumField_2).type(_testData.payment.creditCardNum_2);\ncy.get(_testData.payment.creditCardNumField_3).type(_testData.payment.creditCardNum_3);\ncy.get(_testData.payment.creditCardNumField_4).type(_testData.payment.creditCardNum_4);\n// DL + security code\ncy.get(_testData.payment.creditmmField).type(_testData.payment.creditmmNum);\ncy.get(_testData.payment.credityyField).type(_testData.payment.credityyNum);\ncy.get(_testData.payment.securityCodeField).type(_testData.payment.securityCodeNum);\n// Customer information\ncy.get(_testData.payment.cardholderField).type(_testData.payment.cardholderName);\ncy.get(_testData.payment.cardholderPhoneField).type(_testData.payment.cardholderPhoneNum);\ncy.get(_testData.payment.paynowBtn).click();\ncy.get(_testData.payment.checkBtnClose).click();\ncy.get(_testData.payment.paySubmit).click();\ncy.get(_testData.payment.btnConfirm).click();\n// confirmation message\ncy.xpath(_testData.payment.orderCheck).should(\"include.text\", _testData.payment.checkText);\ncy.get(_testData.payment.thxBuy).should(\"include.text\", _testData.payment.thxBuyText);",
              "err": {},
              "uuid": "dba94620-d861-4faa-b51c-21309915de7b",
              "parentUUID": "9cf731ca-8408-4247-a219-a56e56e0c535",
              "isHook": false,
              "skipped": false
            },
            {
              "title": "nonInstantTrading",
              "fullTitle": "cashierStage nonInstantTrading",
              "timedOut": null,
              "duration": 17215,
              "state": "passed",
              "speed": "slow",
              "pass": true,
              "fail": false,
              "pending": false,
              "context": null,
              "code": "cy.get(_testData.cartSelect.selectItem).click();\ncy.get(_testData.cartSelect.colorWhite).click();\ncy.get(_testData.payment.confirmBtn).click({\n  force: true\n});\ncy.wait(2000);\ncy.xpath(_testData.imformation.nextStep).click();\ncy.get(_testData.imformation.shippingMethods, {\n  timeout: 3000\n}).click();\ncy.get(_testData.imformation.overSea).click();\ncy.get(_testData.imformation.recipientNameField).type(_testData.imformation.recipientName);\ncy.get(_testData.imformation.recipientPhoneField).type(_testData.imformation.recipientPhone);\ncy.get(_testData.imformation.recipientMailField).type(_testData.imformation.recipientMail);\ncy.get(_testData.imformation.ordereNotRecipientBTN).click();\ncy.get(_testData.imformation.orderNameField).type(_testData.imformation.orderNeme);\ncy.get(_testData.imformation.orderPhoneField).type(_testData.imformation.orderPhone);\ncy.get(_testData.imformation.orderMailField).type(_testData.imformation.orderMail);\ncy.get(_testData.imformation.addressField).click().type(_testData.imformation.address);\ncy.get(_testData.payment.methodATM).click();\ncy.get(_testData.payment.invoice).click();\ncy.get(_testData.payment.carrier).click();\ncy.get(_testData.payment.confirmBtn).click();\ncy.get(_testData.payment.chooseBank).select(_testData.payment.selectBank);\ncy.get(_testData.payment.atmSubmit).click();\ncy.get(_testData.payment.paymentMethod).should(\"include.text\", _testData.payment.paymentMethodTitle);\ncy.get(_testData.payment.paymentMethodField).should(\"include.text\", _testData.payment.paymentMethodContent);\ncy.xpath(_testData.payment.accountTitle).should(\"include.text\", _testData.payment.accountContent);",
              "err": {},
              "uuid": "674d7008-c21e-47a3-9778-b5e96bb1460e",
              "parentUUID": "9cf731ca-8408-4247-a219-a56e56e0c535",
              "isHook": false,
              "skipped": false
            }
          ],
          "suites": [],
          "passes": [
            "dba94620-d861-4faa-b51c-21309915de7b",
            "674d7008-c21e-47a3-9778-b5e96bb1460e"
          ],
          "failures": [],
          "pending": [],
          "skipped": [],
          "duration": 47665,
          "root": false,
          "rootEmpty": false,
          "_timeout": 2000
        }
      ],
      "passes": [],
      "failures": [],
      "pending": [],
      "skipped": [],
      "duration": 0,
      "root": true,
      "rootEmpty": true,
      "_timeout": 2000
    },
    {
      "uuid": "9b8f1ce3-4f87-42bf-bec5-fccd230fab6d",
      "title": "",
      "fullFile": "cypress\\e2e\\cashierStage.cy.js",
      "file": "cypress\\e2e\\cashierStage.cy.js",
      "beforeHooks": [],
      "afterHooks": [],
      "tests": [],
      "suites": [
        {
          "uuid": "44e0d1b1-f1f6-4173-bc44-504fab3d07de",
          "title": "2024-02-07_1337_report",
          "fullFile": "",
          "file": "",
          "beforeHooks": [],
          "afterHooks": [],
          "tests": [
            {
              "title": "instantTrading",
              "fullTitle": "cashierStage instantTrading",
              "timedOut": null,
              "duration": 33240,
              "state": "passed",
              "speed": "slow",
              "pass": true,
              "fail": false,
              "pending": false,
              "context": null,
              "code": "// Multi product\ncy.get(_testData.cartSelect.miltiItem).click();\ncy.get(_testData.cartSelect.colorBlack).click();\ncy.get(_testData.cartSelect.addCart).click();\ncy.get(_testData.cartSelect.closeCaetBtn).click();\ncy.get(_testData.cartSelect.backHomepage).click();\n// Single product\ncy.get(_testData.cartSelect.singleItem).click();\ncy.get(_testData.cartSelect.addQuantity).click();\ncy.get(_testData.cartSelect.addCart).click();\ncy.get(_testData.cartSelect.checkout).click();\n// Subscriber Information\ncy.wait(1500);\ncy.xpath(_testData.imformation.nextStep).click();\ncy.get(_testData.imformation.shippingMethods).click();\ncy.get(_testData.imformation.recipientNameField).type(_testData.imformation.recipientName);\ncy.get(_testData.imformation.recipientPhoneField).type(_testData.imformation.recipientPhone);\ncy.get(_testData.imformation.recipientMailField).type(_testData.imformation.recipientMail);\ncy.get(_testData.imformation.countryField).select(_testData.imformation.country);\n// Postal address\ncy.get(_testData.imformation.districtField).select(_testData.imformation.district);\ncy.get(_testData.imformation.addressField).type(_testData.imformation.address);\n// choose the payment method + Green member\ncy.get(_testData.payment.methodCreditCard).click();\ncy.get(_testData.payment.invoice).click();\ncy.get(_testData.payment.carrier).click();\ncy.get(_testData.payment.confirmBtn).click();\n// creditCard pay off\ncy.get(_testData.payment.creditCardNumField_1).type(_testData.payment.creditCardNum_1);\ncy.get(_testData.payment.creditCardNumField_2).type(_testData.payment.creditCardNum_2);\ncy.get(_testData.payment.creditCardNumField_3).type(_testData.payment.creditCardNum_3);\ncy.get(_testData.payment.creditCardNumField_4).type(_testData.payment.creditCardNum_4);\n// DL + security code\ncy.get(_testData.payment.creditmmField).type(_testData.payment.creditmmNum);\ncy.get(_testData.payment.credityyField).type(_testData.payment.credityyNum);\ncy.get(_testData.payment.securityCodeField).type(_testData.payment.securityCodeNum);\n// Customer information\ncy.get(_testData.payment.cardholderField).type(_testData.payment.cardholderName);\ncy.get(_testData.payment.cardholderPhoneField).type(_testData.payment.cardholderPhoneNum);\ncy.get(_testData.payment.paynowBtn).click();\ncy.get(_testData.payment.checkBtnClose).click();\ncy.get(_testData.payment.paySubmit).click();\ncy.get(_testData.payment.btnConfirm).click();\n// confirmation message\ncy.xpath(_testData.payment.orderCheck).should(\"include.text\", _testData.payment.checkText);\ncy.get(_testData.payment.thxBuy).should(\"include.text\", _testData.payment.thxBuyText);",
              "err": {},
              "uuid": "3dd13b18-1e0b-4d74-8a4e-6df9ccb7d958",
              "parentUUID": "44e0d1b1-f1f6-4173-bc44-504fab3d07de",
              "isHook": false,
              "skipped": false
            },
            {
              "title": "nonInstantTrading",
              "fullTitle": "cashierStage nonInstantTrading",
              "timedOut": null,
              "duration": 15886,
              "state": "passed",
              "speed": "slow",
              "pass": true,
              "fail": false,
              "pending": false,
              "context": null,
              "code": "cy.get(_testData.cartSelect.selectItem).click();\ncy.get(_testData.cartSelect.colorWhite).click();\ncy.get(_testData.payment.confirmBtn).click({\n  force: true\n});\ncy.wait(2000);\ncy.xpath(_testData.imformation.nextStep).click();\ncy.get(_testData.imformation.shippingMethods, {\n  timeout: 3000\n}).click();\ncy.get(_testData.imformation.overSea).click();\ncy.get(_testData.imformation.recipientNameField).type(_testData.imformation.recipientName);\ncy.get(_testData.imformation.recipientPhoneField).type(_testData.imformation.recipientPhone);\ncy.get(_testData.imformation.recipientMailField).type(_testData.imformation.recipientMail);\ncy.get(_testData.imformation.ordereNotRecipientBTN).click();\ncy.get(_testData.imformation.orderNameField).type(_testData.imformation.orderNeme);\ncy.get(_testData.imformation.orderPhoneField).type(_testData.imformation.orderPhone);\ncy.get(_testData.imformation.orderMailField).type(_testData.imformation.orderMail);\ncy.get(_testData.imformation.addressField).click().type(_testData.imformation.address);\ncy.get(_testData.payment.methodATM).click();\ncy.get(_testData.payment.invoice).click();\ncy.get(_testData.payment.carrier).click();\ncy.get(_testData.payment.confirmBtn).click();\ncy.get(_testData.payment.chooseBank).select(_testData.payment.selectBank);\ncy.get(_testData.payment.atmSubmit).click();\ncy.get(_testData.payment.paymentMethod).should(\"include.text\", _testData.payment.paymentMethodTitle);\ncy.get(_testData.payment.paymentMethodField).should(\"include.text\", _testData.payment.paymentMethodContent);\ncy.xpath(_testData.payment.accountTitle).should(\"include.text\", _testData.payment.accountContent);",
              "err": {},
              "uuid": "9b981bf8-6358-4dbc-b940-a899987bf39e",
              "parentUUID": "44e0d1b1-f1f6-4173-bc44-504fab3d07de",
              "isHook": false,
              "skipped": false
            }
          ],
          "suites": [],
          "passes": [
            "3dd13b18-1e0b-4d74-8a4e-6df9ccb7d958",
            "9b981bf8-6358-4dbc-b940-a899987bf39e"
          ],
          "failures": [],
          "pending": [],
          "skipped": [],
          "duration": 49126,
          "root": false,
          "rootEmpty": false,
          "_timeout": 2000
        }
      ],
      "passes": [],
      "failures": [],
      "pending": [],
      "skipped": [],
      "duration": 0,
      "root": true,
      "rootEmpty": true,
      "_timeout": 2000
    },
    {
      "uuid": "bafc571f-bd6c-4280-bae9-e6c68627e7cf",
      "title": "",
      "fullFile": "cypress\\e2e\\cashierStage.cy.js",
      "file": "cypress\\e2e\\cashierStage.cy.js",
      "beforeHooks": [],
      "afterHooks": [],
      "tests": [],
      "suites": [
        {
          "uuid": "bccf9847-4501-47c6-9b58-97532fa99a77",
          "title": "2024-02-07_0906_report",
          "fullFile": "",
          "file": "",
          "beforeHooks": [],
          "afterHooks": [],
          "tests": [
            {
              "title": "instantTrading",
              "fullTitle": "cashierStage instantTrading",
              "timedOut": null,
              "duration": 38710,
              "state": "passed",
              "speed": "slow",
              "pass": true,
              "fail": false,
              "pending": false,
              "context": null,
              "code": "// Multi product\ncy.get(_testData.cartSelect.miltiItem).click();\ncy.get(_testData.cartSelect.colorBlack).click();\ncy.get(_testData.cartSelect.addCart).click();\ncy.get(_testData.cartSelect.closeCaetBtn).click();\ncy.get(_testData.cartSelect.backHomepage).click();\n// Single product\ncy.get(_testData.cartSelect.singleItem).click();\ncy.get(_testData.cartSelect.addQuantity).click();\ncy.get(_testData.cartSelect.addCart).click();\ncy.get(_testData.cartSelect.checkout).click();\n// Subscriber Information\ncy.wait(1500);\ncy.xpath(_testData.imformation.nextStep).click();\ncy.get(_testData.imformation.shippingMethods).click();\ncy.get(_testData.imformation.recipientNameField).type(_testData.imformation.recipientName);\ncy.get(_testData.imformation.recipientPhoneField).type(_testData.imformation.recipientPhone);\ncy.get(_testData.imformation.recipientMailField).type(_testData.imformation.recipientMail);\ncy.get(_testData.imformation.countryField).select(_testData.imformation.country);\n// Postal address\ncy.get(_testData.imformation.districtField).select(_testData.imformation.district);\ncy.get(_testData.imformation.addressField).type(_testData.imformation.address);\n// choose the payment method + Green member\ncy.get(_testData.payment.methodCreditCard).click();\ncy.get(_testData.payment.invoice).click();\ncy.get(_testData.payment.carrier).click();\ncy.get(_testData.payment.confirmBtn).click();\n// creditCard pay off\ncy.get(_testData.payment.creditCardNumField_1).type(_testData.payment.creditCardNum_1);\ncy.get(_testData.payment.creditCardNumField_2).type(_testData.payment.creditCardNum_2);\ncy.get(_testData.payment.creditCardNumField_3).type(_testData.payment.creditCardNum_3);\ncy.get(_testData.payment.creditCardNumField_4).type(_testData.payment.creditCardNum_4);\n// DL + security code\ncy.get(_testData.payment.creditmmField).type(_testData.payment.creditmmNum);\ncy.get(_testData.payment.credityyField).type(_testData.payment.credityyNum);\ncy.get(_testData.payment.securityCodeField).type(_testData.payment.securityCodeNum);\n// Customer information\ncy.get(_testData.payment.cardholderField).type(_testData.payment.cardholderName);\ncy.get(_testData.payment.cardholderPhoneField).type(_testData.payment.cardholderPhoneNum);\ncy.get(_testData.payment.paynowBtn).click();\ncy.get(_testData.payment.checkBtnClose).click();\ncy.get(_testData.payment.paySubmit).click();\ncy.get(_testData.payment.btnConfirm).click();\n// confirmation message\ncy.xpath(_testData.payment.orderCheck).should(\"include.text\", _testData.payment.checkText);\ncy.get(_testData.payment.thxBuy).should(\"include.text\", _testData.payment.thxBuyText);",
              "err": {},
              "uuid": "72b9241a-8328-4496-b1dd-4cafb0902c16",
              "parentUUID": "bccf9847-4501-47c6-9b58-97532fa99a77",
              "isHook": false,
              "skipped": false
            },
            {
              "title": "nonInstantTrading",
              "fullTitle": "cashierStage nonInstantTrading",
              "timedOut": null,
              "duration": 16055,
              "state": "passed",
              "speed": "slow",
              "pass": true,
              "fail": false,
              "pending": false,
              "context": null,
              "code": "cy.get(_testData.cartSelect.selectItem).click();\ncy.get(_testData.cartSelect.colorWhite).click();\ncy.get(_testData.payment.confirmBtn).click({\n  force: true\n});\ncy.wait(2000);\ncy.xpath(_testData.imformation.nextStep).click();\ncy.get(_testData.imformation.shippingMethods, {\n  timeout: 3000\n}).click();\ncy.get(_testData.imformation.overSea).click();\ncy.get(_testData.imformation.recipientNameField).type(_testData.imformation.recipientName);\ncy.get(_testData.imformation.recipientPhoneField).type(_testData.imformation.recipientPhone);\ncy.get(_testData.imformation.recipientMailField).type(_testData.imformation.recipientMail);\ncy.get(_testData.imformation.ordereNotRecipientBTN).click();\ncy.get(_testData.imformation.orderNameField).type(_testData.imformation.orderNeme);\ncy.get(_testData.imformation.orderPhoneField).type(_testData.imformation.orderPhone);\ncy.get(_testData.imformation.orderMailField).type(_testData.imformation.orderMail);\ncy.get(_testData.imformation.addressField).click().type(_testData.imformation.address);\ncy.get(_testData.payment.methodATM).click();\ncy.get(_testData.payment.invoice).click();\ncy.get(_testData.payment.carrier).click();\ncy.get(_testData.payment.confirmBtn).click();\ncy.get(_testData.payment.chooseBank).select(_testData.payment.selectBank);\ncy.get(_testData.payment.atmSubmit).click();\ncy.get(_testData.payment.paymentMethod).should(\"include.text\", _testData.payment.paymentMethodTitle);\ncy.get(_testData.payment.paymentMethodField).should(\"include.text\", _testData.payment.paymentMethodContent);\ncy.xpath(_testData.payment.accountTitle).should(\"include.text\", _testData.payment.accountContent);",
              "err": {},
              "uuid": "eb1bb5bd-1473-464c-aed9-72de5d055130",
              "parentUUID": "bccf9847-4501-47c6-9b58-97532fa99a77",
              "isHook": false,
              "skipped": false
            }
          ],
          "suites": [],
          "passes": [
            "72b9241a-8328-4496-b1dd-4cafb0902c16",
            "eb1bb5bd-1473-464c-aed9-72de5d055130"
          ],
          "failures": [],
          "pending": [],
          "skipped": [],
          "duration": 54765,
          "root": false,
          "rootEmpty": false,
          "_timeout": 2000
        }
      ],
      "passes": [],
      "failures": [],
      "pending": [],
      "skipped": [],
      "duration": 0,
[...]
              "fullTitle": "cashierStage instantTrading",
              "timedOut": null,
              "duration": 36565,
              "state": "passed",
              "speed": "slow",
              "pass": true,
              "fail": false,
              "pending": false,
              "context": null,
              "code": "// Multi product\ncy.get(_testData.cartSelect.miltiItem).click();\ncy.get(_testData.cartSelect.colorBlack).click();\ncy.get(_testData.cartSelect.addCart).click();\ncy.get(_testData.cartSelect.closeCaetBtn).click();\ncy.get(_testData.cartSelect.backHomepage).click();\n// Single product\ncy.get(_testData.cartSelect.singleItem).click();\ncy.get(_testData.cartSelect.addQuantity).click();\ncy.get(_testData.cartSelect.addCart).click();\ncy.get(_testData.cartSelect.checkout).click();\n// Subscriber Information\ncy.wait(1500);\ncy.xpath(_testData.imformation.nextStep).click();\ncy.get(_testData.imformation.shippingMethods).click();\ncy.get(_testData.imformation.recipientNameField).type(_testData.imformation.recipientName);\ncy.get(_testData.imformation.recipientPhoneField).type(_testData.imformation.recipientPhone);\ncy.get(_testData.imformation.recipientMailField).type(_testData.imformation.recipientMail);\ncy.get(_testData.imformation.countryField).select(_testData.imformation.country);\n// Postal address\ncy.get(_testData.imformation.districtField).select(_testData.imformation.district);\ncy.get(_testData.imformation.addressField).type(_testData.imformation.address);\n// choose the payment method + Green member\ncy.get(_testData.payment.methodCreditCard).click();\ncy.get(_testData.payment.invoice).click();\ncy.get(_testData.payment.carrier).click();\ncy.get(_testData.payment.confirmBtn).click();\n// creditCard pay off\ncy.get(_testData.payment.creditCardNumField_1).type(_testData.payment.creditCardNum_1);\ncy.get(_testData.payment.creditCardNumField_2).type(_testData.payment.creditCardNum_2);\ncy.get(_testData.payment.creditCardNumField_3).type(_testData.payment.creditCardNum_3);\ncy.get(_testData.payment.creditCardNumField_4).type(_testData.payment.creditCardNum_4);\n// DL + security code\ncy.get(_testData.payment.creditmmField).type(_testData.payment.creditmmNum);\ncy.get(_testData.payment.credityyField).type(_testData.payment.credityyNum);\ncy.get(_testData.payment.securityCodeField).type(_testData.payment.securityCodeNum);\n// Customer information\ncy.get(_testData.payment.cardholderField).type(_testData.payment.cardholderName);\ncy.get(_testData.payment.cardholderPhoneField).type(_testData.payment.cardholderPhoneNum);\ncy.get(_testData.payment.paynowBtn).click();\ncy.get(_testData.payment.checkBtnClose).click();\ncy.get(_testData.payment.paySubmit).click();\ncy.get(_testData.payment.btnConfirm).click();\n// confirmation message\ncy.xpath(_testData.payment.orderCheck).should(\"include.text\", _testData.payment.checkText);\ncy.get(_testData.payment.thxBuy).should(\"include.text\", _testData.payment.thxBuyText);",
              "err": {},
              "uuid": "e2c9b4d4-23f5-4e5c-aaa5-4ae921bd5559",
              "parentUUID": "dce71330-a8bc-45ea-b5a4-a7adfb58a220",
              "isHook": false,
              "skipped": false
            },
            {
              "title": "nonInstantTrading",
              "fullTitle": "cashierStage nonInstantTrading",
              "timedOut": null,
              "duration": 16330,
              "state": "passed",
              "speed": "slow",
              "pass": true,
              "fail": false,
              "pending": false,
              "context": null,
              "code": "cy.get(_testData.cartSelect.selectItem).click();\ncy.get(_testData.cartSelect.colorWhite).click();\ncy.get(_testData.payment.confirmBtn).click({\n  force: true\n});\ncy.wait(2000);\ncy.xpath(_testData.imformation.nextStep).click();\ncy.get(_testData.imformation.shippingMethods, {\n  timeout: 3000\n}).click();\ncy.get(_testData.imformation.overSea).click();\ncy.get(_testData.imformation.recipientNameField).type(_testData.imformation.recipientName);\ncy.get(_testData.imformation.recipientPhoneField).type(_testData.imformation.recipientPhone);\ncy.get(_testData.imformation.recipientMailField).type(_testData.imformation.recipientMail);\ncy.get(_testData.imformation.ordereNotRecipientBTN).click();\ncy.get(_testData.imformation.orderNameField).type(_testData.imformation.orderNeme);\ncy.get(_testData.imformation.orderPhoneField).type(_testData.imformation.orderPhone);\ncy.get(_testData.imformation.orderMailField).type(_testData.imformation.orderMail);\ncy.get(_testData.imformation.addressField).click().type(_testData.imformation.address);\ncy.get(_testData.payment.methodATM).click();\ncy.get(_testData.payment.invoice).click();\ncy.get(_testData.payment.carrier).click();\ncy.get(_testData.payment.confirmBtn).click();\ncy.get(_testData.payment.chooseBank).select(_testData.payment.selectBank);\ncy.get(_testData.payment.atmSubmit).click();\ncy.get(_testData.payment.paymentMethod).should(\"include.text\", _testData.payment.paymentMethodTitle);\ncy.get(_testData.payment.paymentMethodField).should(\"include.text\", _testData.payment.paymentMethodContent);\ncy.xpath(_testData.payment.accountTitle).should(\"include.text\", _testData.payment.accountContent);",
              "err": {},
              "uuid": "fb130b62-f56f-4d0a-a8b4-f672606a6f03",
              "parentUUID": "dce71330-a8bc-45ea-b5a4-a7adfb58a220",
              "isHook": false,
              "skipped": false
            }
          ],
          "suites": [],
          "passes": [
            "e2c9b4d4-23f5-4e5c-aaa5-4ae921bd5559",
            "fb130b62-f56f-4d0a-a8b4-f672606a6f03"
          ],
          "failures": [],
          "pending": [],
          "skipped": [],
          "duration": 52895,
          "root": false,
          "rootEmpty": false,
          "_timeout": 2000
        }
      ],
      "passes": [],
      "failures": [],
      "pending": [],
      "skipped": [],
      "duration": 0,
      "root": true,
      "rootEmpty": true,
      "_timeout": 2000
    },
    {
      "uuid": "79eeaaa7-5966-4ba0-90b4-6493e6c9e939",
      "title": "",
      "fullFile": "cypress\\e2e\\cashierStage.cy.js",
      "file": "cypress\\e2e\\cashierStage.cy.js",
      "beforeHooks": [],
      "afterHooks": [],
      "tests": [],
      "suites": [
        {
          "uuid": "05f863fb-ee64-4166-8846-948dc7afc63c",
          "title": "2024-02-02_0942_report",
          "fullFile": "",
          "file": "",
          "beforeHooks": [],
          "afterHooks": [],
          "tests": [
            {
              "title": "instantTrading",
              "fullTitle": "cashierStage instantTrading",
              "timedOut": null,
              "duration": 30419,
              "state": "passed",
              "speed": "slow",
              "pass": true,
              "fail": false,
              "pending": false,
              "context": null,
              "code": "// Multi product\ncy.get(_testData.cartSelect.miltiItem).click();\ncy.get(_testData.cartSelect.colorBlack).click();\ncy.get(_testData.cartSelect.addCart).click();\ncy.get(_testData.cartSelect.closeCaetBtn).click();\ncy.get(_testData.cartSelect.backHomepage).click();\n// Single product\ncy.get(_testData.cartSelect.singleItem).click();\ncy.get(_testData.cartSelect.addQuantity).click();\ncy.get(_testData.cartSelect.addCart).click();\ncy.get(_testData.cartSelect.checkout).click();\n// Subscriber Information\ncy.wait(1500);\ncy.xpath(_testData.imformation.nextStep).click();\ncy.get(_testData.imformation.shippingMethods).click();\ncy.get(_testData.imformation.recipientNameField).type(_testData.imformation.recipientName);\ncy.get(_testData.imformation.recipientPhoneField).type(_testData.imformation.recipientPhone);\ncy.get(_testData.imformation.recipientMailField).type(_testData.imformation.recipientMail);\ncy.get(_testData.imformation.countryField).select(_testData.imformation.country);\n// Postal address\ncy.get(_testData.imformation.districtField).select(_testData.imformation.district);\ncy.get(_testData.imformation.addressField).type(_testData.imformation.address);\n// choose the payment method + Green member\ncy.get(_testData.payment.methodCreditCard).click();\ncy.get(_testData.payment.invoice).click();\ncy.get(_testData.payment.carrier).click();\ncy.get(_testData.payment.confirmBtn).click();\n// creditCard pay off\ncy.get(_testData.payment.creditCardNumField_1).type(_testData.payment.creditCardNum_1);\ncy.get(_testData.payment.creditCardNumField_2).type(_testData.payment.creditCardNum_2);\ncy.get(_testData.payment.creditCardNumField_3).type(_testData.payment.creditCardNum_3);\ncy.get(_testData.payment.creditCardNumField_4).type(_testData.payment.creditCardNum_4);\n// DL + security code\ncy.get(_testData.payment.creditmmField).type(_testData.payment.creditmmNum);\ncy.get(_testData.payment.credityyField).type(_testData.payment.credityyNum);\ncy.get(_testData.payment.securityCodeField).type(_testData.payment.securityCodeNum);\n// Customer information\ncy.get(_testData.payment.cardholderField).type(_testData.payment.cardholderName);\ncy.get(_testData.payment.cardholderPhoneField).type(_testData.payment.cardholderPhoneNum);\ncy.get(_testData.payment.paynowBtn).click();\ncy.get(_testData.payment.checkBtnClose).click();\ncy.get(_testData.payment.paySubmit).click();\ncy.get(_testData.payment.btnConfirm).click();\n// confirmation message\ncy.xpath(_testData.payment.orderCheck).should(\"include.text\", _testData.payment.checkText);\ncy.get(_testData.payment.thxBuy).should(\"include.text\", _testData.payment.thxBuyText);",
              "err": {},
              "uuid": "3f76f0f8-3fbd-4649-a3fe-4fcdbb72221f",
              "parentUUID": "05f863fb-ee64-4166-8846-948dc7afc63c",
              "isHook": false,
              "skipped": false
            },
            {
              "title": "nonInstantTrading",
              "fullTitle": "cashierStage nonInstantTrading",
              "timedOut": null,
              "duration": 15773,
              "state": "passed",
              "speed": "slow",
              "pass": true,
              "fail": false,
              "pending": false,
              "context": null,
              "code": "cy.get(_testData.cartSelect.selectItem).click();\ncy.get(_testData.cartSelect.colorWhite).click();\ncy.get(_testData.payment.confirmBtn).click({\n  force: true\n});\ncy.wait(2000);\ncy.xpath(_testData.imformation.nextStep).click();\ncy.get(_testData.imformation.shippingMethods, {\n  timeout: 3000\n}).click();\ncy.get(_testData.imformation.overSea).click();\ncy.get(_testData.imformation.recipientNameField).type(_testData.imformation.recipientName);\ncy.get(_testData.imformation.recipientPhoneField).type(_testData.imformation.recipientPhone);\ncy.get(_testData.imformation.recipientMailField).type(_testData.imformation.recipientMail);\ncy.get(_testData.imformation.ordereNotRecipientBTN).click();\ncy.get(_testData.imformation.orderNameField).type(_testData.imformation.orderNeme);\ncy.get(_testData.imformation.orderPhoneField).type(_testData.imformation.orderPhone);\ncy.get(_testData.imformation.orderMailField).type(_testData.imformation.orderMail);\ncy.get(_testData.imformation.addressField).click().type(_testData.imformation.address);\ncy.get(_testData.payment.methodATM).click();\ncy.get(_testData.payment.invoice).click();\ncy.get(_testData.payment.carrier).click();\ncy.get(_testData.payment.confirmBtn).click();\ncy.get(_testData.payment.chooseBank).select(_testData.payment.selectBank);\ncy.get(_testData.payment.atmSubmit).click();\ncy.get(_testData.payment.paymentMethod).should(\"include.text\", _testData.payment.paymentMethodTitle);\ncy.get(_testData.payment.paymentMethodField).should(\"include.text\", _testData.payment.paymentMethodContent);\ncy.xpath(_testData.payment.accountTitle).should(\"include.text\", _testData.payment.accountContent);",
              "err": {},
              "uuid": "0a6e491a-aa65-4283-b225-a5078d082737",
              "parentUUID": "05f863fb-ee64-4166-8846-948dc7afc63c",
              "isHook": false,
              "skipped": false
            }
          ],
          "suites": [],
          "passes": [
            "3f76f0f8-3fbd-4649-a3fe-4fcdbb72221f",
            "0a6e491a-aa65-4283-b225-a5078d082737"
          ],
          "failures": [],
          "pending": [],
          "skipped": [],
          "duration": 46192,
          "root": false,
          "rootEmpty": false,
          "_timeout": 2000
        }
      ],
      "passes": [],
      "failures": [],
      "pending": [],
      "skipped": [],
      "duration": 0,
      "root": true,
      "rootEmpty": true,
      "_timeout": 2000
    },
    {
      "uuid": "5f5d86ec-9bcd-4b18-8308-5f360582848c",
      "title": "",
      "fullFile": "cypress\\e2e\\cashierStage.cy.js",
      "file": "cypress\\e2e\\cashierStage.cy.js",
      "beforeHooks": [],
      "afterHooks": [],
      "tests": [],
      "suites": [
        {
          "uuid": "43a1dca7-aa18-4945-a385-8cb1c3b96d9d",
          "title": "2024-02-01_0922_report",
          "fullFile": "",
          "file": "",
          "beforeHooks": [],
          "afterHooks": [],
          "tests": [
            {
              "title": "instantTrading",
              "fullTitle": "cashierStage instantTrading",
              "timedOut": null,
              "duration": 30374,
              "state": "passed",
              "speed": "slow",
              "pass": true,
              "fail": false,
              "pending": false,
              "context": null,
              "code": "// Multi product\ncy.get(_testData.cartSelect.miltiItem).click();\ncy.get(_testData.cartSelect.colorBlack).click();\ncy.get(_testData.cartSelect.addCart).click();\ncy.get(_testData.cartSelect.closeCaetBtn).click();\ncy.get(_testData.cartSelect.backHomepage).click();\n// Single product\ncy.get(_testData.cartSelect.singleItem).click();\ncy.get(_testData.cartSelect.addQuantity).click();\ncy.get(_testData.cartSelect.addCart).click();\ncy.get(_testData.cartSelect.checkout).click();\n// Subscriber Information\ncy.wait(1500);\ncy.xpath(_testData.imformation.nextStep).click();\ncy.get(_testData.imformation.shippingMethods).click();\ncy.get(_testData.imformation.recipientNameField).type(_testData.imformation.recipientName);\ncy.get(_testData.imformation.recipientPhoneField).type(_testData.imformation.recipientPhone);\ncy.get(_testData.imformation.recipientMailField).type(_testData.imformation.recipientMail);\ncy.get(_testData.imformation.countryField).select(_testData.imformation.country);\n// Postal address\ncy.get(_testData.imformation.districtField).select(_testData.imformation.district);\ncy.get(_testData.imformation.addressField).type(_testData.imformation.address);\n// choose the payment method + Green member\ncy.get(_testData.payment.methodCreditCard).click();\ncy.get(_testData.payment.invoice).click();\ncy.get(_testData.payment.carrier).click();\ncy.get(_testData.payment.confirmBtn).click();\n// creditCard pay off\ncy.get(_testData.payment.creditCardNumField_1).type(_testData.payment.creditCardNum_1);\ncy.get(_testData.payment.creditCardNumField_2).type(_testData.payment.creditCardNum_2);\ncy.get(_testData.payment.creditCardNumField_3).type(_testData.payment.creditCardNum_3);\ncy.get(_testData.payment.creditCardNumField_4).type(_testData.payment.creditCardNum_4);\n// DL + security code\ncy.get(_testData.payment.creditmmField).type(_testData.payment.creditmmNum);\ncy.get(_testData.payment.credityyField).type(_testData.payment.credityyNum);\ncy.get(_testData.payment.securityCodeField).type(_testData.payment.securityCodeNum);\n// Customer information\ncy.get(_testData.payment.cardholderField).type(_testData.payment.cardholderName);\ncy.get(_testData.payment.cardholderPhoneField).type(_testData.payment.cardholderPhoneNum);\ncy.get(_testData.payment.paynowBtn).click();\ncy.get(_testData.payment.checkBtnClose).click();\ncy.get(_testData.payment.paySubmit).click();\ncy.get(_testData.payment.btnConfirm).click();\n// confirmation message\ncy.xpath(_testData.payment.orderCheck).should(\"include.text\", _testData.payment.checkText);\ncy.get(_testData.payment.thxBuy).should(\"include.text\", _testData.payment.thxBuyText);",
              "err": {},
              "uuid": "4129719e-5e95-40b1-b8a0-5bdcf217b92e",
              "parentUUID": "43a1dca7-aa18-4945-a385-8cb1c3b96d9d",
              "isHook": false,
              "skipped": false
            },
            {
              "title": "nonInstantTrading",
              "fullTitle": "cashierStage nonInstantTrading",
              "timedOut": null,
              "duration": 16675,
              "state": "passed",
              "speed": "slow",
              "pass": true,
              "fail": false,
              "pending": false,
              "context": null,
              "code": "cy.get(_testData.cartSelect.selectItem).click();\ncy.get(_testData.cartSelect.colorWhite).click();\ncy.get(_testData.payment.confirmBtn).click({\n  force: true\n});\ncy.wait(2000);\ncy.xpath(_testData.imformation.nextStep).click();\ncy.get(_testData.imformation.shippingMethods, {\n  timeout: 3000\n}).click();\ncy.get(_testData.imformation.overSea).click();\ncy.get(_testData.imformation.recipientNameField).type(_testData.imformation.recipientName);\ncy.get(_testData.imformation.recipientPhoneField).type(_testData.imformation.recipientPhone);\ncy.get(_testData.imformation.recipientMailField).type(_testData.imformation.recipientMail);\ncy.get(_testData.imformation.ordereNotRecipientBTN).click();\ncy.get(_testData.imformation.orderNameField).type(_testData.imformation.orderNeme);\ncy.get(_testData.imformation.orderPhoneField).type(_testData.imformation.orderPhone);\ncy.get(_testData.imformation.orderMailField).type(_testData.imformation.orderMail);\ncy.get(_testData.imformation.addressField).click().type(_testData.imformation.address);\ncy.get(_testData.payment.methodATM).click();\ncy.get(_testData.payment.invoice).click();\ncy.get(_testData.payment.carrier).click();\ncy.get(_testData.payment.confirmBtn).click();\ncy.get(_testData.payment.chooseBank).select(_testData.payment.selectBank);\ncy.get(_testData.payment.atmSubmit).click();\ncy.get(_testData.payment.paymentMethod).should(\"include.text\", _testData.payment.paymentMethodTitle);\ncy.get(_testData.payment.paymentMethodField).should(\"include.text\", _testData.payment.paymentMethodContent);\ncy.xpath(_testData.payment.accountTitle).should(\"include.text\", _testData.payment.accountContent);",
              "err": {},
              "uuid": "616ef504-64b5-4e63-b83f-a741083f440b",
              "parentUUID": "43a1dca7-aa18-4945-a385-8cb1c3b96d9d",
              "isHook": false,
              "skipped": false
            }
          ],
          "suites": [],
          "passes": [
            "4129719e-5e95-40b1-b8a0-5bdcf217b92e",
            "616ef504-64b5-4e63-b83f-a741083f440b"
          ],
          "failures": [],
          "pending": [],
          "skipped": [],
          "duration": 47049,
          "root": false,
          "rootEmpty": false,
          "_timeout": 2000
        }
      ],
      "passes": [],
      "failures": [],
      "pending": [],
      "skipped": [],
      "duration": 0,
      "root": true,
      "rootEmpty": true,
      "_timeout": 2000
    }
  ],
  "meta": {
    "mocha": {
      "version": "7.0.1"
    },
    "mochawesome": {
      "options": {
        "quiet": false,
        "reportFilename": "2024-02-29_0904_report",
        "saveHtml": false,
        "saveJson": true,
        "consoleReporter": "spec",
        "useInlineDiffs": false,
        "code": true
      },
      "version": "7.1.3"
    },
    "marge": {
      "options": {
        "reportDir": "cypress\\results\\.jsons",
        "reportFilename": "2024-02-29_0904_report",
        "overwrite": false,
        "html": false,
        "json": true
      },
      "version": "6.2.0"
    }
  }
}