{
  "stats": {
    "suites": 5,
    "tests": 10,
    "passes": 10,
    "pending": 0,
    "failures": 0,
    "testsRegistered": 10,
    "passPercent": 100,
    "pendingPercent": 0,
    "other": 0,
    "hasOther": false,
    "skipped": 0,
    "hasSkipped": false,
    "start": "2024-02-01T01:22:29.182Z",
    "end": "2024-02-07T01:07:32.165Z",
    "duration": 517502983
  },
  "results": [
    {
      "uuid": "bafc571f-bd6c-4280-bae9-e6c68627e7cf",
      "title": "",
      "fullFile": "cypress\\e2e\\cashierStage.cy.js",
      "file": "cypress\\e2e\\cashierStage.cy.js",
      "beforeHooks": [],
      "afterHooks": [],
      "tests": [],
      "suites": [
        {
          "uuid": "bccf9847-4501-47c6-9b58-97532fa99a77",
          "title": "2024-02-07_0906_report",
          "fullFile": "",
          "file": "",
          "beforeHooks": [],
          "afterHooks": [],
          "tests": [
            {
              "title": "instantTrading",
              "fullTitle": "cashierStage instantTrading",
              "timedOut": null,
              "duration": 38710,
              "state": "passed",
              "speed": "slow",
              "pass": true,
              "fail": false,
              "pending": false,
              "context": null,
              "code": "// Multi product\ncy.get(_testData.cartSelect.miltiItem).click();\ncy.get(_testData.cartSelect.colorBlack).click();\ncy.get(_testData.cartSelect.addCart).click();\ncy.get(_testData.cartSelect.closeCaetBtn).click();\ncy.get(_testData.cartSelect.backHomepage).click();\n// Single product\ncy.get(_testData.cartSelect.singleItem).click();\ncy.get(_testData.cartSelect.addQuantity).click();\ncy.get(_testData.cartSelect.addCart).click();\ncy.get(_testData.cartSelect.checkout).click();\n// Subscriber Information\ncy.wait(1500);\ncy.xpath(_testData.imformation.nextStep).click();\ncy.get(_testData.imformation.shippingMethods).click();\ncy.get(_testData.imformation.recipientNameField).type(_testData.imformation.recipientName);\ncy.get(_testData.imformation.recipientPhoneField).type(_testData.imformation.recipientPhone);\ncy.get(_testData.imformation.recipientMailField).type(_testData.imformation.recipientMail);\ncy.get(_testData.imformation.countryField).select(_testData.imformation.country);\n// Postal address\ncy.get(_testData.imformation.districtField).select(_testData.imformation.district);\ncy.get(_testData.imformation.addressField).type(_testData.imformation.address);\n// choose the payment method + Green member\ncy.get(_testData.payment.methodCreditCard).click();\ncy.get(_testData.payment.invoice).click();\ncy.get(_testData.payment.carrier).click();\ncy.get(_testData.payment.confirmBtn).click();\n// creditCard pay off\ncy.get(_testData.payment.creditCardNumField_1).type(_testData.payment.creditCardNum_1);\ncy.get(_testData.payment.creditCardNumField_2).type(_testData.payment.creditCardNum_2);\ncy.get(_testData.payment.creditCardNumField_3).type(_testData.payment.creditCardNum_3);\ncy.get(_testData.payment.creditCardNumField_4).type(_testData.payment.creditCardNum_4);\n// DL + security code\ncy.get(_testData.payment.creditmmField).type(_testData.payment.creditmmNum);\ncy.get(_testData.payment.credityyField).type(_testData.payment.credityyNum);\ncy.get(_testData.payment.securityCodeField).type(_testData.payment.securityCodeNum);\n// Customer information\ncy.get(_testData.payment.cardholderField).type(_testData.payment.cardholderName);\ncy.get(_testData.payment.cardholderPhoneField).type(_testData.payment.cardholderPhoneNum);\ncy.get(_testData.payment.paynowBtn).click();\ncy.get(_testData.payment.checkBtnClose).click();\ncy.get(_testData.payment.paySubmit).click();\ncy.get(_testData.payment.btnConfirm).click();\n// confirmation message\ncy.xpath(_testData.payment.orderCheck).should(\"include.text\", _testData.payment.checkText);\ncy.get(_testData.payment.thxBuy).should(\"include.text\", _testData.payment.thxBuyText);",
              "err": {},
              "uuid": "72b9241a-8328-4496-b1dd-4cafb0902c16",
              "parentUUID": "bccf9847-4501-47c6-9b58-97532fa99a77",
              "isHook": false,
              "skipped": false
            },
            {
              "title": "nonInstantTrading",
              "fullTitle": "cashierStage nonInstantTrading",
              "timedOut": null,
              "duration": 16055,
              "state": "passed",
              "speed": "slow",
              "pass": true,
              "fail": false,
              "pending": false,
              "context": null,
              "code": "cy.get(_testData.cartSelect.selectItem).click();\ncy.get(_testData.cartSelect.colorWhite).click();\ncy.get(_testData.payment.confirmBtn).click({\n  force: true\n});\ncy.wait(2000);\ncy.xpath(_testData.imformation.nextStep).click();\ncy.get(_testData.imformation.shippingMethods, {\n  timeout: 3000\n}).click();\ncy.get(_testData.imformation.overSea).click();\ncy.get(_testData.imformation.recipientNameField).type(_testData.imformation.recipientName);\ncy.get(_testData.imformation.recipientPhoneField).type(_testData.imformation.recipientPhone);\ncy.get(_testData.imformation.recipientMailField).type(_testData.imformation.recipientMail);\ncy.get(_testData.imformation.ordereNotRecipientBTN).click();\ncy.get(_testData.imformation.orderNameField).type(_testData.imformation.orderNeme);\ncy.get(_testData.imformation.orderPhoneField).type(_testData.imformation.orderPhone);\ncy.get(_testData.imformation.orderMailField).type(_testData.imformation.orderMail);\ncy.get(_testData.imformation.addressField).click().type(_testData.imformation.address);\ncy.get(_testData.payment.methodATM).click();\ncy.get(_testData.payment.invoice).click();\ncy.get(_testData.payment.carrier).click();\ncy.get(_testData.payment.confirmBtn).click();\ncy.get(_testData.payment.chooseBank).select(_testData.payment.selectBank);\ncy.get(_testData.payment.atmSubmit).click();\ncy.get(_testData.payment.paymentMethod).should(\"include.text\", _testData.payment.paymentMethodTitle);\ncy.get(_testData.payment.paymentMethodField).should(\"include.text\", _testData.payment.paymentMethodContent);\ncy.xpath(_testData.payment.accountTitle).should(\"include.text\", _testData.payment.accountContent);",
              "err": {},
              "uuid": "eb1bb5bd-1473-464c-aed9-72de5d055130",
              "parentUUID": "bccf9847-4501-47c6-9b58-97532fa99a77",
              "isHook": false,
              "skipped": false
            }
          ],
          "suites": [],
          "passes": [
            "72b9241a-8328-4496-b1dd-4cafb0902c16",
            "eb1bb5bd-1473-464c-aed9-72de5d055130"
          ],
          "failures": [],
          "pending": [],
          "skipped": [],
          "duration": 54765,
          "root": false,
          "rootEmpty": false,
          "_timeout": 2000
        }
      ],
      "passes": [],
      "failures": [],
      "pending": [],
      "skipped": [],
      "duration": 0,
      "root": true,
      "rootEmpty": true,
      "_timeout": 2000
    },
    {
      "uuid": "ecfdecbe-1e7b-46bf-af65-81660a91b3fc",
      "title": "",
      "fullFile": "cypress\\e2e\\cashierStage.cy.js",
      "file": "cypress\\e2e\\cashierStage.cy.js",
      "beforeHooks": [],
      "afterHooks": [],
      "tests": [],
      "suites": [
        {
          "uuid": "035758f9-a211-46b3-9717-1d0fb0fedee5",
          "title": "2024-02-06_0920_report",
          "fullFile": "",
          "file": "",
          "beforeHooks": [],
          "afterHooks": [],
          "tests": [
            {
              "title": "instantTrading",
              "fullTitle": "cashierStage instantTrading",
              "timedOut": null,
              "duration": 41296,
              "state": "passed",
              "speed": "slow",
              "pass": true,
              "fail": false,
              "pending": false,
              "context": null,
              "code": "// Multi product\ncy.get(_testData.cartSelect.miltiItem).click();\ncy.get(_testData.cartSelect.colorBlack).click();\ncy.get(_testData.cartSelect.addCart).click();\ncy.get(_testData.cartSelect.closeCaetBtn).click();\ncy.get(_testData.cartSelect.backHomepage).click();\n// Single product\ncy.get(_testData.cartSelect.singleItem).click();\ncy.get(_testData.cartSelect.addQuantity).click();\ncy.get(_testData.cartSelect.addCart).click();\ncy.get(_testData.cartSelect.checkout).click();\n// Subscriber Information\ncy.wait(1500);\ncy.xpath(_testData.imformation.nextStep).click();\ncy.get(_testData.imformation.shippingMethods).click();\ncy.get(_testData.imformation.recipientNameField).type(_testData.imformation.recipientName);\ncy.get(_testData.imformation.recipientPhoneField).type(_testData.imformation.recipientPhone);\ncy.get(_testData.imformation.recipientMailField).type(_testData.imformation.recipientMail);\ncy.get(_testData.imformation.countryField).select(_testData.imformation.country);\n// Postal address\ncy.get(_testData.imformation.districtField).select(_testData.imformation.district);\ncy.get(_testData.imformation.addressField).type(_testData.imformation.address);\n// choose the payment method + Green member\ncy.get(_testData.payment.methodCreditCard).click();\ncy.get(_testData.payment.invoice).click();\ncy.get(_testData.payment.carrier).click();\ncy.get(_testData.payment.confirmBtn).click();\n// creditCard pay off\ncy.get(_testData.payment.creditCardNumField_1).type(_testData.payment.creditCardNum_1);\ncy.get(_testData.payment.creditCardNumField_2).type(_testData.payment.creditCardNum_2);\ncy.get(_testData.payment.creditCardNumField_3).type(_testData.payment.creditCardNum_3);\ncy.get(_testData.payment.creditCardNumField_4).type(_testData.payment.creditCardNum_4);\n// DL + security code\ncy.get(_testData.payment.creditmmField).type(_testData.payment.creditmmNum);\ncy.get(_testData.payment.credityyField).type(_testData.payment.credityyNum);\ncy.get(_testData.payment.securityCodeField).type(_testData.payment.securityCodeNum);\n// Customer information\ncy.get(_testData.payment.cardholderField).type(_testData.payment.cardholderName);\ncy.get(_testData.payment.cardholderPhoneField).type(_testData.payment.cardholderPhoneNum);\ncy.get(_testData.payment.paynowBtn).click();\ncy.get(_testData.payment.checkBtnClose).click();\ncy.get(_testData.payment.paySubmit).click();\ncy.get(_testData.payment.btnConfirm).click();\n// confirmation message\ncy.xpath(_testData.payment.orderCheck).should(\"include.text\", _testData.payment.checkText);\ncy.get(_testData.payment.thxBuy).should(\"include.text\", _testData.payment.thxBuyText);",
              "err": {},
              "uuid": "1a4c82d8-66cd-4b82-a5a3-5b9a2525ac67",
              "parentUUID": "035758f9-a211-46b3-9717-1d0fb0fedee5",
              "isHook": false,
              "skipped": false
            },
            {
              "title": "nonInstantTrading",
              "fullTitle": "cashierStage nonInstantTrading",
              "timedOut": null,
              "duration": 19449,
              "state": "passed",
              "speed": "slow",
              "pass": true,
              "fail": false,
              "pending": false,
              "context": null,
              "code": "cy.get(_testData.cartSelect.selectItem).click();\ncy.get(_testData.cartSelect.colorWhite).click();\ncy.get(_testData.payment.confirmBtn).click({\n  force: true\n});\ncy.wait(2000);\ncy.xpath(_testData.imformation.nextStep).click();\ncy.get(_testData.imformation.shippingMethods, {\n  timeout: 3000\n}).click();\ncy.get(_testData.imformation.overSea).click();\ncy.get(_testData.imformation.recipientNameField).type(_testData.imformation.recipientName);\ncy.get(_testData.imformation.recipientPhoneField).type(_testData.imformation.recipientPhone);\ncy.get(_testData.imformation.recipientMailField).type(_testData.imformation.recipientMail);\ncy.get(_testData.imformation.ordereNotRecipientBTN).click();\ncy.get(_testData.imformation.orderNameField).type(_testData.imformation.orderNeme);\ncy.get(_testData.imformation.orderPhoneField).type(_testData.imformation.orderPhone);\ncy.get(_testData.imformation.orderMailField).type(_testData.imformation.orderMail);\ncy.get(_testData.imformation.addressField).click().type(_testData.imformation.address);\ncy.get(_testData.payment.methodATM).click();\ncy.get(_testData.payment.invoice).click();\ncy.get(_testData.payment.carrier).click();\ncy.get(_testData.payment.confirmBtn).click();\ncy.get(_testData.payment.chooseBank).select(_testData.payment.selectBank);\ncy.get(_testData.payment.atmSubmit).click();\ncy.get(_testData.payment.paymentMethod).should(\"include.text\", _testData.payment.paymentMethodTitle);\ncy.get(_testData.payment.paymentMethodField).should(\"include.text\", _testData.payment.paymentMethodContent);\ncy.xpath(_testData.payment.accountTitle).should(\"include.text\", _testData.payment.accountContent);",
              "err": {},
              "uuid": "0f64af97-7e93-4fb8-b5bd-bceb4e03bd98",
              "parentUUID": "035758f9-a211-46b3-9717-1d0fb0fedee5",
              "isHook": false,
              "skipped": false
            }
          ],
          "suites": [],
          "passes": [
            "1a4c82d8-66cd-4b82-a5a3-5b9a2525ac67",
            "0f64af97-7e93-4fb8-b5bd-bceb4e03bd98"
          ],
          "failures": [],
          "pending": [],
          "skipped": [],
          "duration": 60745,
          "root": false,
          "rootEmpty": false,
          "_timeout": 2000
        }
      ],
      "passes": [],
      "failures": [],
      "pending": [],
      "skipped": [],
      "duration": 0,
      "root": true,
      "rootEmpty": true,
      "_timeout": 2000
    },
    {
      "uuid": "10228f6a-d7b7-43d9-a065-80dd68714338",
      "title": "",
      "fullFile": "cypress\\e2e\\cashierStage.cy.js",
      "file": "cypress\\e2e\\cashierStage.cy.js",
      "beforeHooks": [],
      "afterHooks": [],
      "tests": [],
      "suites": [
        {
          "uuid": "dce71330-a8bc-45ea-b5a4-a7adfb58a220",
          "title": "2024-02-05_1318_report",
          "fullFile": "",
          "file": "",
          "beforeHooks": [],
          "afterHooks": [],
          "tests": [
            {
              "title": "instantTrading",
              "fullTitle": "cashierStage instantTrading",
              "timedOut": null,
              "duration": 36565,
              "state": "passed",
              "speed": "slow",
              "pass": true,
              "fail": false,
              "pending": false,
              "context": null,
              "code": "// Multi product\ncy.get(_testData.cartSelect.miltiItem).click();\ncy.get(_testData.cartSelect.colorBlack).click();\ncy.get(_testData.cartSelect.addCart).click();\ncy.get(_testData.cartSelect.closeCaetBtn).click();\ncy.get(_testData.cartSelect.backHomepage).click();\n// Single product\ncy.get(_testData.cartSelect.singleItem).click();\ncy.get(_testData.cartSelect.addQuantity).click();\ncy.get(_testData.cartSelect.addCart).click();\ncy.get(_testData.cartSelect.checkout).click();\n// Subscriber Information\ncy.wait(1500);\ncy.xpath(_testData.imformation.nextStep).click();\ncy.get(_testData.imformation.shippingMethods).click();\ncy.get(_testData.imformation.recipientNameField).type(_testData.imformation.recipientName);\ncy.get(_testData.imformation.recipientPhoneField).type(_testData.imformation.recipientPhone);\ncy.get(_testData.imformation.recipientMailField).type(_testData.imformation.recipientMail);\ncy.get(_testData.imformation.countryField).select(_testData.imformation.country);\n// Postal address\ncy.get(_testData.imformation.districtField).select(_testData.imformation.district);\ncy.get(_testData.imformation.addressField).type(_testData.imformation.address);\n// choose the payment method + Green member\ncy.get(_testData.payment.methodCreditCard).click();\ncy.get(_testData.payment.invoice).click();\ncy.get(_testData.payment.carrier).click();\ncy.get(_testData.payment.confirmBtn).click();\n// creditCard pay off\ncy.get(_testData.payment.creditCardNumField_1).type(_testData.payment.creditCardNum_1);\ncy.get(_testData.payment.creditCardNumField_2).type(_testData.payment.creditCardNum_2);\ncy.get(_testData.payment.creditCardNumField_3).type(_testData.payment.creditCardNum_3);\ncy.get(_testData.payment.creditCardNumField_4).type(_testData.payment.creditCardNum_4);\n// DL + security code\ncy.get(_testData.payment.creditmmField).type(_testData.payment.creditmmNum);\ncy.get(_testData.payment.credityyField).type(_testData.payment.credityyNum);\ncy.get(_testData.payment.securityCodeField).type(_testData.payment.securityCodeNum);\n// Customer information\ncy.get(_testData.payment.cardholderField).type(_testData.payment.cardholderName);\ncy.get(_testData.payment.cardholderPhoneField).type(_testData.payment.cardholderPhoneNum);\ncy.get(_testData.payment.paynowBtn).click();\ncy.get(_testData.payment.checkBtnClose).click();\ncy.get(_testData.payment.paySubmit).click();\ncy.get(_testData.payment.btnConfirm).click();\n// confirmation message\ncy.xpath(_testData.payment.orderCheck).should(\"include.text\", _testData.payment.checkText);\ncy.get(_testData.payment.thxBuy).should(\"include.text\", _testData.payment.thxBuyText);",
              "err": {},
              "uuid": "e2c9b4d4-23f5-4e5c-aaa5-4ae921bd5559",
              "parentUUID": "dce71330-a8bc-45ea-b5a4-a7adfb58a220",
              "isHook": false,
              "skipped": false
            },
            {
              "title": "nonInstantTrading",
              "fullTitle": "cashierStage nonInstantTrading",
              "timedOut": null,
              "duration": 16330,
              "state": "passed",
              "speed": "slow",
              "pass": true,
              "fail": false,
              "pending": false,
              "context": null,
              "code": "cy.get(_testData.cartSelect.selectItem).click();\ncy.get(_testData.cartSelect.colorWhite).click();\ncy.get(_testData.payment.confirmBtn).click({\n  force: true\n});\ncy.wait(2000);\ncy.xpath(_testData.imformation.nextStep).click();\ncy.get(_testData.imformation.shippingMethods, {\n  timeout: 3000\n}).click();\ncy.get(_testData.imformation.overSea).click();\ncy.get(_testData.imformation.recipientNameField).type(_testData.imformation.recipientName);\ncy.get(_testData.imformation.recipientPhoneField).type(_testData.imformation.recipientPhone);\ncy.get(_testData.imformation.recipientMailField).type(_testData.imformation.recipientMail);\ncy.get(_testData.imformation.ordereNotRecipientBTN).click();\ncy.get(_testData.imformation.orderNameField).type(_testData.imformation.orderNeme);\ncy.get(_testData.imformation.orderPhoneField).type(_testData.imformation.orderPhone);\ncy.get(_testData.imformation.orderMailField).type(_testData.imformation.orderMail);\ncy.get(_testData.imformation.addressField).click().type(_testData.imformation.address);\ncy.get(_testData.payment.methodATM).click();\ncy.get(_testData.payment.invoice).click();\ncy.get(_testData.payment.carrier).click();\ncy.get(_testData.payment.confirmBtn).click();\ncy.get(_testData.payment.chooseBank).select(_testData.payment.selectBank);\ncy.get(_testData.payment.atmSubmit).click();\ncy.get(_testData.payment.paymentMethod).should(\"include.text\", _testData.payment.paymentMethodTitle);\ncy.get(_testData.payment.paymentMethodField).should(\"include.text\", _testData.payment.paymentMethodContent);\ncy.xpath(_testData.payment.accountTitle).should(\"include.text\", _testData.payment.accountContent);",
              "err": {},
              "uuid": "fb130b62-f56f-4d0a-a8b4-f672606a6f03",
              "parentUUID": "dce71330-a8bc-45ea-b5a4-a7adfb58a220",
              "isHook": false,
              "skipped": false
            }
          ],
          "suites": [],
          "passes": [
            "e2c9b4d4-23f5-4e5c-aaa5-4ae921bd5559",
            "fb130b62-f56f-4d0a-a8b4-f672606a6f03"
          ],
          "failures": [],
          "pending": [],
          "skipped": [],
          "duration": 52895,
          "root": false,
          "rootEmpty": false,
          "_timeout": 2000
        }
      ],
      "passes": [],
      "failures": [],
      "pending": [],
      "skipped": [],
      "duration": 0,
      "root": true,
      "rootEmpty": true,
      "_timeout": 2000
    },
    {
      "uuid": "79eeaaa7-5966-4ba0-90b4-6493e6c9e939",
      "title": "",
      "fullFile": "cypress\\e2e\\cashierStage.cy.js",
      "file": "cypress\\e2e\\cashierStage.cy.js",
      "beforeHooks": [],
      "afterHooks": [],
      "tests": [],
      "suites": [
        {
          "uuid": "05f863fb-ee64-4166-8846-948dc7afc63c",
          "title": "2024-02-02_0942_report",
          "fullFile": "",
          "file": "",
          "beforeHooks": [],
          "afterHooks": [],
          "tests": [
            {
              "title": "instantTrading",
              "fullTitle": "cashierStage instantTrading",
              "timedOut": null,
              "duration": 30419,
              "state": "passed",
              "speed": "slow",
              "pass": true,
              "fail": false,
              "pending": false,
              "context": null,
              "code": "// Multi product\ncy.get(_testData.cartSelect.miltiItem).click();\ncy.get(_testData.cartSelect.colorBlack).click();\ncy.get(_testData.cartSelect.addCart).click();\ncy.get(_testData.cartSelect.closeCaetBtn).click();\ncy.get(_testData.cartSelect.backHomepage).click();\n// Single product\ncy.get(_testData.cartSelect.singleItem).click();\ncy.get(_testData.cartSelect.addQuantity).click();\ncy.get(_testData.cartSelect.addCart).click();\ncy.get(_testData.cartSelect.checkout).click();\n// Subscriber Information\ncy.wait(1500);\ncy.xpath(_testData.imformation.nextStep).click();\ncy.get(_testData.imformation.shippingMethods).click();\ncy.get(_testData.imformation.recipientNameField).type(_testData.imformation.recipientName);\ncy.get(_testData.imformation.recipientPhoneField).type(_testData.imformation.recipientPhone);\ncy.get(_testData.imformation.recipientMailField).type(_testData.imformation.recipientMail);\ncy.get(_testData.imformation.countryField).select(_testData.imformation.country);\n// Postal address\ncy.get(_testData.imformation.districtField).select(_testData.imformation.district);\ncy.get(_testData.imformation.addressField).type(_testData.imformation.address);\n// choose the payment method + Green member\ncy.get(_testData.payment.methodCreditCard).click();\ncy.get(_testData.payment.invoice).click();\ncy.get(_testData.payment.carrier).click();\ncy.get(_testData.payment.confirmBtn).click();\n// creditCard pay off\ncy.get(_testData.payment.creditCardNumField_1).type(_testData.payment.creditCardNum_1);\ncy.get(_testData.payment.creditCardNumField_2).type(_testData.payment.creditCardNum_2);\ncy.get(_testData.payment.creditCardNumField_3).type(_testData.payment.creditCardNum_3);\ncy.get(_testData.payment.creditCardNumField_4).type(_testData.payment.creditCardNum_4);\n// DL + security code\ncy.get(_testData.payment.creditmmField).type(_testData.payment.creditmmNum);\ncy.get(_testData.payment.credityyField).type(_testData.payment.credityyNum);\ncy.get(_testData.payment.securityCodeField).type(_testData.payment.securityCodeNum);\n// Customer information\ncy.get(_testData.payment.cardholderField).type(_testData.payment.cardholderName);\ncy.get(_testData.payment.cardholderPhoneField).type(_testData.payment.cardholderPhoneNum);\ncy.get(_testData.payment.paynowBtn).click();\ncy.get(_testData.payment.checkBtnClose).click();\ncy.get(_testData.payment.paySubmit).click();\ncy.get(_testData.payment.btnConfirm).click();\n// confirmation message\ncy.xpath(_testData.payment.orderCheck).should(\"include.text\", _testData.payment.checkText);\ncy.get(_testData.payment.thxBuy).should(\"include.text\", _testData.payment.thxBuyText);",
              "err": {},
              "uuid": "3f76f0f8-3fbd-4649-a3fe-4fcdbb72221f",
              "parentUUID": "05f863fb-ee64-4166-8846-948dc7afc63c",
              "isHook": false,
              "skipped": false
            },
            {
              "title": "nonInstantTrading",
              "fullTitle": "cashierStage nonInstantTrading",
              "timedOut": null,
              "duration": 15773,
              "state": "passed",
              "speed": "slow",
              "pass": true,
              "fail": false,
              "pending": false,
              "context": null,
              "code": "cy.get(_testData.cartSelect.selectItem).click();\ncy.get(_testData.cartSelect.colorWhite).click();\ncy.get(_testData.payment.confirmBtn).click({\n  force: true\n});\ncy.wait(2000);\ncy.xpath(_testData.imformation.nextStep).click();\ncy.get(_testData.imformation.shippingMethods, {\n  timeout: 3000\n}).click();\ncy.get(_testData.imformation.overSea).click();\ncy.get(_testData.imformation.recipientNameField).type(_testData.imformation.recipientName);\ncy.get(_testData.imformation.recipientPhoneField).type(_testData.imformation.recipientPhone);\ncy.get(_testData.imformation.recipientMailField).type(_testData.imformation.recipientMail);\ncy.get(_testData.imformation.ordereNotRecipientBTN).click();\ncy.get(_testData.imformation.orderNameField).type(_testData.imformation.orderNeme);\ncy.get(_testData.imformation.orderPhoneField).type(_testData.imformation.orderPhone);\ncy.get(_testData.imformation.orderMailField).type(_testData.imformation.orderMail);\ncy.get(_testData.imformation.addressField).click().type(_testData.imformation.address);\ncy.get(_testData.payment.methodATM).click();\ncy.get(_testData.payment.invoice).click();\ncy.get(_testData.payment.carrier).click();\ncy.get(_testData.payment.confirmBtn).click();\ncy.get(_testData.payment.chooseBank).select(_testData.payment.selectBank);\ncy.get(_testData.payment.atmSubmit).click();\ncy.get(_testData.payment.paymentMethod).should(\"include.text\", _testData.payment.paymentMethodTitle);\ncy.get(_testData.payment.paymentMethodField).should(\"include.text\", _testData.payment.paymentMethodContent);\ncy.xpath(_testData.payment.accountTitle).should(\"include.text\", _testData.payment.accountContent);",
              "err": {},
              "uuid": "0a6e491a-aa65-4283-b225-a5078d082737",
              "parentUUID": "05f863fb-ee64-4166-8846-948dc7afc63c",
              "isHook": false,
              "skipped": false
            }
          ],
          "suites": [],
          "passes": [
            "3f76f0f8-3fbd-4649-a3fe-4fcdbb72221f",
            "0a6e491a-aa65-4283-b225-a5078d082737"
          ],
          "failures": [],
          "pending": [],
          "skipped": [],
          "duration": 46192,
          "root": false,
          "rootEmpty": false,
          "_timeout": 2000
        }
      ],
      "passes": [],
      "failures": [],
      "pending": [],
      "skipped": [],
      "duration": 0,
      "root": true,
      "rootEmpty": true,
      "_timeout": 2000
    },
    {
      "uuid": "5f5d86ec-9bcd-4b18-8308-5f360582848c",
      "title": "",
      "fullFile": "cypress\\e2e\\cashierStage.cy.js",
      "file": "cypress\\e2e\\cashierStage.cy.js",
      "beforeHooks": [],
      "afterHooks": [],
      "tests": [],
      "suites": [
        {
          "uuid": "43a1dca7-aa18-4945-a385-8cb1c3b96d9d",
          "title": "2024-02-01_0922_report",
          "fullFile": "",
          "file": "",
          "beforeHooks": [],
          "afterHooks": [],
          "tests": [
            {
              "title": "instantTrading",
              "fullTitle": "cashierStage instantTrading",
              "timedOut": null,
              "duration": 30374,
              "state": "passed",
              "speed": "slow",
              "pass": true,
              "fail": false,
              "pending": false,
              "context": null,
              "code": "// Multi product\ncy.get(_testData.cartSelect.miltiItem).click();\ncy.get(_testData.cartSelect.colorBlack).click();\ncy.get(_testData.cartSelect.addCart).click();\ncy.get(_testData.cartSelect.closeCaetBtn).click();\ncy.get(_testData.cartSelect.backHomepage).click();\n// Single product\ncy.get(_testData.cartSelect.singleItem).click();\ncy.get(_testData.cartSelect.addQuantity).click();\ncy.get(_testData.cartSelect.addCart).click();\ncy.get(_testData.cartSelect.checkout).click();\n// Subscriber Information\ncy.wait(1500);\ncy.xpath(_testData.imformation.nextStep).click();\ncy.get(_testData.imformation.shippingMethods).click();\ncy.get(_testData.imformation.recipientNameField).type(_testData.imformation.recipientName);\ncy.get(_testData.imformation.recipientPhoneField).type(_testData.imformation.recipientPhone);\ncy.get(_testData.imformation.recipientMailField).type(_testData.imformation.recipientMail);\ncy.get(_testData.imformation.countryField).select(_testData.imformation.country);\n// Postal address\ncy.get(_testData.imformation.districtField).select(_testData.imformation.district);\ncy.get(_testData.imformation.addressField).type(_testData.imformation.address);\n// choose the payment method + Green member\ncy.get(_testData.payment.methodCreditCard).click();\ncy.get(_testData.payment.invoice).click();\ncy.get(_testData.payment.carrier).click();\ncy.get(_testData.payment.confirmBtn).click();\n// creditCard pay off\ncy.get(_testData.payment.creditCardNumField_1).type(_testData.payment.creditCardNum_1);\ncy.get(_testData.payment.creditCardNumField_2).type(_testData.payment.creditCardNum_2);\ncy.get(_testData.payment.creditCardNumField_3).type(_testData.payment.creditCardNum_3);\ncy.get(_testData.payment.creditCardNumField_4).type(_testData.payment.creditCardNum_4);\n// DL + security code\ncy.get(_testData.payment.creditmmField).type(_testData.payment.creditmmNum);\ncy.get(_testData.payment.credityyField).type(_testData.payment.credityyNum);\ncy.get(_testData.payment.securityCodeField).type(_testData.payment.securityCodeNum);\n// Customer information\ncy.get(_testData.payment.cardholderField).type(_testData.payment.cardholderName);\ncy.get(_testData.payment.cardholderPhoneField).type(_testData.payment.cardholderPhoneNum);\ncy.get(_testData.payment.paynowBtn).click();\ncy.get(_testData.payment.checkBtnClose).click();\ncy.get(_testData.payment.paySubmit).click();\ncy.get(_testData.payment.btnConfirm).click();\n// confirmation message\ncy.xpath(_testData.payment.orderCheck).should(\"include.text\", _testData.payment.checkText);\ncy.get(_testData.payment.thxBuy).should(\"include.text\", _testData.payment.thxBuyText);",
              "err": {},
              "uuid": "4129719e-5e95-40b1-b8a0-5bdcf217b92e",
              "parentUUID": "43a1dca7-aa18-4945-a385-8cb1c3b96d9d",
              "isHook": false,
              "skipped": false
            },
            {
              "title": "nonInstantTrading",
              "fullTitle": "cashierStage nonInstantTrading",
              "timedOut": null,
              "duration": 16675,
              "state": "passed",
              "speed": "slow",
              "pass": true,
              "fail": false,
              "pending": false,
              "context": null,
              "code": "cy.get(_testData.cartSelect.selectItem).click();\ncy.get(_testData.cartSelect.colorWhite).click();\ncy.get(_testData.payment.confirmBtn).click({\n  force: true\n});\ncy.wait(2000);\ncy.xpath(_testData.imformation.nextStep).click();\ncy.get(_testData.imformation.shippingMethods, {\n  timeout: 3000\n}).click();\ncy.get(_testData.imformation.overSea).click();\ncy.get(_testData.imformation.recipientNameField).type(_testData.imformation.recipientName);\ncy.get(_testData.imformation.recipientPhoneField).type(_testData.imformation.recipientPhone);\ncy.get(_testData.imformation.recipientMailField).type(_testData.imformation.recipientMail);\ncy.get(_testData.imformation.ordereNotRecipientBTN).click();\ncy.get(_testData.imformation.orderNameField).type(_testData.imformation.orderNeme);\ncy.get(_testData.imformation.orderPhoneField).type(_testData.imformation.orderPhone);\ncy.get(_testData.imformation.orderMailField).type(_testData.imformation.orderMail);\ncy.get(_testData.imformation.addressField).click().type(_testData.imformation.address);\ncy.get(_testData.payment.methodATM).click();\ncy.get(_testData.payment.invoice).click();\ncy.get(_testData.payment.carrier).click();\ncy.get(_testData.payment.confirmBtn).click();\ncy.get(_testData.payment.chooseBank).select(_testData.payment.selectBank);\ncy.get(_testData.payment.atmSubmit).click();\ncy.get(_testData.payment.paymentMethod).should(\"include.text\", _testData.payment.paymentMethodTitle);\ncy.get(_testData.payment.paymentMethodField).should(\"include.text\", _testData.payment.paymentMethodContent);\ncy.xpath(_testData.payment.accountTitle).should(\"include.text\", _testData.payment.accountContent);",
              "err": {},
              "uuid": "616ef504-64b5-4e63-b83f-a741083f440b",
              "parentUUID": "43a1dca7-aa18-4945-a385-8cb1c3b96d9d",
              "isHook": false,
              "skipped": false
            }
          ],
          "suites": [],
          "passes": [
            "4129719e-5e95-40b1-b8a0-5bdcf217b92e",
            "616ef504-64b5-4e63-b83f-a741083f440b"
          ],
          "failures": [],
          "pending": [],
          "skipped": [],
          "duration": 47049,
          "root": false,
          "rootEmpty": false,
          "_timeout": 2000
        }
      ],
      "passes": [],
      "failures": [],
      "pending": [],
      "skipped": [],
      "duration": 0,
      "root": true,
      "rootEmpty": true,
      "_timeout": 2000
    }
  ],
  "meta": {
    "mocha": {
      "version": "7.0.1"
    },
    "mochawesome": {
      "options": {
        "quiet": false,
        "reportFilename": "2024-02-07_0906_report",
        "saveHtml": false,
        "saveJson": true,
        "consoleReporter": "spec",
        "useInlineDiffs": false,
        "code": true
      },
      "version": "7.1.3"
    },
    "marge": {
      "options": {
        "reportDir": "cypress\\results\\.jsons",
        "reportFilename": "2024-02-07_0906_report",
        "overwrite": false,
        "html": false,
        "json": true
      },
      "version": "6.2.0"
    }
  }
}